:: loading settings :: url = jar:file:/opt/bitnami/spark/jars/ivy-2.4.0.jar!/org/apache/ivy/core/settings/ivysettings.xml
Ivy Default Cache set to: /opt/bitnami/spark/.ivy2/cache
The jars for the packages stored in: /opt/bitnami/spark/.ivy2/jars
org.apache.spark#spark-sql-kafka-0-10_2.12 added as a dependency
:: resolving dependencies :: org.apache.spark#spark-submit-parent-0216540a-9dd8-441d-9175-cc80587ee444;1.0
	confs: [default]
	found org.apache.spark#spark-sql-kafka-0-10_2.12;3.0.0 in central
	found org.apache.spark#spark-token-provider-kafka-0-10_2.12;3.0.0 in central
	found org.apache.kafka#kafka-clients;2.4.1 in central
	found com.github.luben#zstd-jni;1.4.4-3 in central
	found org.lz4#lz4-java;1.7.1 in central
	found org.xerial.snappy#snappy-java;1.1.7.5 in central
	found org.slf4j#slf4j-api;1.7.30 in central
	found org.spark-project.spark#unused;1.0.0 in central
	found org.apache.commons#commons-pool2;2.6.2 in central
:: resolution report :: resolve 840ms :: artifacts dl 144ms
	:: modules in use:
	com.github.luben#zstd-jni;1.4.4-3 from central in [default]
	org.apache.commons#commons-pool2;2.6.2 from central in [default]
	org.apache.kafka#kafka-clients;2.4.1 from central in [default]
	org.apache.spark#spark-sql-kafka-0-10_2.12;3.0.0 from central in [default]
	org.apache.spark#spark-token-provider-kafka-0-10_2.12;3.0.0 from central in [default]
	org.lz4#lz4-java;1.7.1 from central in [default]
	org.slf4j#slf4j-api;1.7.30 from central in [default]
	org.spark-project.spark#unused;1.0.0 from central in [default]
	org.xerial.snappy#snappy-java;1.1.7.5 from central in [default]
	---------------------------------------------------------------------
	|                  |            modules            ||   artifacts   |
	|       conf       | number| search|dwnlded|evicted|| number|dwnlded|
	---------------------------------------------------------------------
	|      default     |   9   |   0   |   0   |   0   ||   9   |   0   |
	---------------------------------------------------------------------
:: retrieving :: org.apache.spark#spark-submit-parent-0216540a-9dd8-441d-9175-cc80587ee444
	confs: [default]
	0 artifacts copied, 9 already retrieved (0kB/74ms)
21/04/26 15:35:01 WARN NativeCodeLoader: Unable to load native-hadoop library for your platform... using builtin-java classes where applicable
Using Spark's default log4j profile: org/apache/spark/log4j-defaults.properties
21/04/26 15:35:02 INFO SparkContext: Running Spark version 3.1.1
21/04/26 15:35:02 INFO ResourceUtils: ==============================================================
21/04/26 15:35:02 INFO ResourceUtils: No custom resources configured for spark.driver.
21/04/26 15:35:02 INFO ResourceUtils: ==============================================================
21/04/26 15:35:02 INFO SparkContext: Submitted application: p2_hkn_kafka_console
21/04/26 15:35:02 INFO ResourceProfile: Default ResourceProfile created, executor resources: Map(cores -> name: cores, amount: 1, script: , vendor: , memory -> name: memory, amount: 1024, script: , vendor: , offHeap -> name: offHeap, amount: 0, script: , vendor: ), task resources: Map(cpus -> name: cpus, amount: 1.0)
21/04/26 15:35:02 INFO ResourceProfile: Limiting resource is cpu
21/04/26 15:35:02 INFO ResourceProfileManager: Added ResourceProfile id: 0
21/04/26 15:35:02 INFO SecurityManager: Changing view acls to: spark
21/04/26 15:35:02 INFO SecurityManager: Changing modify acls to: spark
21/04/26 15:35:02 INFO SecurityManager: Changing view acls groups to: 
21/04/26 15:35:02 INFO SecurityManager: Changing modify acls groups to: 
21/04/26 15:35:02 INFO SecurityManager: SecurityManager: authentication disabled; ui acls disabled; users  with view permissions: Set(spark); groups with view permissions: Set(); users  with modify permissions: Set(spark); groups with modify permissions: Set()
21/04/26 15:35:02 INFO Utils: Successfully started service 'sparkDriver' on port 41709.
21/04/26 15:35:02 INFO SparkEnv: Registering MapOutputTracker
21/04/26 15:35:02 INFO SparkEnv: Registering BlockManagerMaster
21/04/26 15:35:02 INFO BlockManagerMasterEndpoint: Using org.apache.spark.storage.DefaultTopologyMapper for getting topology information
21/04/26 15:35:02 INFO BlockManagerMasterEndpoint: BlockManagerMasterEndpoint up
21/04/26 15:35:02 INFO SparkEnv: Registering BlockManagerMasterHeartbeat
21/04/26 15:35:02 INFO DiskBlockManager: Created local directory at /tmp/blockmgr-c1ca5257-6608-4591-8a41-f25295974db5
21/04/26 15:35:02 INFO MemoryStore: MemoryStore started with capacity 366.3 MiB
21/04/26 15:35:02 INFO SparkEnv: Registering OutputCommitCoordinator
21/04/26 15:35:02 INFO Utils: Successfully started service 'SparkUI' on port 4040.
21/04/26 15:35:02 INFO SparkUI: Bound SparkUI to 0.0.0.0, and started at http://0e7da3e27e47:4040
21/04/26 15:35:02 INFO SparkContext: Added JAR file:///opt/bitnami/spark/.ivy2/jars/org.apache.spark_spark-sql-kafka-0-10_2.12-3.0.0.jar at spark://0e7da3e27e47:41709/jars/org.apache.spark_spark-sql-kafka-0-10_2.12-3.0.0.jar with timestamp 1619451302097
21/04/26 15:35:02 INFO SparkContext: Added JAR file:///opt/bitnami/spark/.ivy2/jars/org.apache.spark_spark-token-provider-kafka-0-10_2.12-3.0.0.jar at spark://0e7da3e27e47:41709/jars/org.apache.spark_spark-token-provider-kafka-0-10_2.12-3.0.0.jar with timestamp 1619451302097
21/04/26 15:35:02 INFO SparkContext: Added JAR file:///opt/bitnami/spark/.ivy2/jars/org.apache.kafka_kafka-clients-2.4.1.jar at spark://0e7da3e27e47:41709/jars/org.apache.kafka_kafka-clients-2.4.1.jar with timestamp 1619451302097
21/04/26 15:35:02 INFO SparkContext: Added JAR file:///opt/bitnami/spark/.ivy2/jars/org.apache.commons_commons-pool2-2.6.2.jar at spark://0e7da3e27e47:41709/jars/org.apache.commons_commons-pool2-2.6.2.jar with timestamp 1619451302097
21/04/26 15:35:02 INFO SparkContext: Added JAR file:///opt/bitnami/spark/.ivy2/jars/org.spark-project.spark_unused-1.0.0.jar at spark://0e7da3e27e47:41709/jars/org.spark-project.spark_unused-1.0.0.jar with timestamp 1619451302097
21/04/26 15:35:02 INFO SparkContext: Added JAR file:///opt/bitnami/spark/.ivy2/jars/com.github.luben_zstd-jni-1.4.4-3.jar at spark://0e7da3e27e47:41709/jars/com.github.luben_zstd-jni-1.4.4-3.jar with timestamp 1619451302097
21/04/26 15:35:02 INFO SparkContext: Added JAR file:///opt/bitnami/spark/.ivy2/jars/org.lz4_lz4-java-1.7.1.jar at spark://0e7da3e27e47:41709/jars/org.lz4_lz4-java-1.7.1.jar with timestamp 1619451302097
21/04/26 15:35:02 INFO SparkContext: Added JAR file:///opt/bitnami/spark/.ivy2/jars/org.xerial.snappy_snappy-java-1.1.7.5.jar at spark://0e7da3e27e47:41709/jars/org.xerial.snappy_snappy-java-1.1.7.5.jar with timestamp 1619451302097
21/04/26 15:35:02 INFO SparkContext: Added JAR file:///opt/bitnami/spark/.ivy2/jars/org.slf4j_slf4j-api-1.7.30.jar at spark://0e7da3e27e47:41709/jars/org.slf4j_slf4j-api-1.7.30.jar with timestamp 1619451302097
21/04/26 15:35:02 INFO SparkContext: Added file file:///opt/bitnami/spark/.ivy2/jars/org.apache.spark_spark-sql-kafka-0-10_2.12-3.0.0.jar at file:///opt/bitnami/spark/.ivy2/jars/org.apache.spark_spark-sql-kafka-0-10_2.12-3.0.0.jar with timestamp 1619451302097
21/04/26 15:35:02 INFO Utils: Copying /opt/bitnami/spark/.ivy2/jars/org.apache.spark_spark-sql-kafka-0-10_2.12-3.0.0.jar to /tmp/spark-86b8fb88-64cc-4174-be4e-7477849c1fa3/userFiles-cbf39409-c697-40d7-b4a3-016f86bad8c7/org.apache.spark_spark-sql-kafka-0-10_2.12-3.0.0.jar
21/04/26 15:35:02 INFO SparkContext: Added file file:///opt/bitnami/spark/.ivy2/jars/org.apache.spark_spark-token-provider-kafka-0-10_2.12-3.0.0.jar at file:///opt/bitnami/spark/.ivy2/jars/org.apache.spark_spark-token-provider-kafka-0-10_2.12-3.0.0.jar with timestamp 1619451302097
21/04/26 15:35:02 INFO Utils: Copying /opt/bitnami/spark/.ivy2/jars/org.apache.spark_spark-token-provider-kafka-0-10_2.12-3.0.0.jar to /tmp/spark-86b8fb88-64cc-4174-be4e-7477849c1fa3/userFiles-cbf39409-c697-40d7-b4a3-016f86bad8c7/org.apache.spark_spark-token-provider-kafka-0-10_2.12-3.0.0.jar
21/04/26 15:35:02 INFO SparkContext: Added file file:///opt/bitnami/spark/.ivy2/jars/org.apache.kafka_kafka-clients-2.4.1.jar at file:///opt/bitnami/spark/.ivy2/jars/org.apache.kafka_kafka-clients-2.4.1.jar with timestamp 1619451302097
21/04/26 15:35:02 INFO Utils: Copying /opt/bitnami/spark/.ivy2/jars/org.apache.kafka_kafka-clients-2.4.1.jar to /tmp/spark-86b8fb88-64cc-4174-be4e-7477849c1fa3/userFiles-cbf39409-c697-40d7-b4a3-016f86bad8c7/org.apache.kafka_kafka-clients-2.4.1.jar
21/04/26 15:35:02 INFO SparkContext: Added file file:///opt/bitnami/spark/.ivy2/jars/org.apache.commons_commons-pool2-2.6.2.jar at file:///opt/bitnami/spark/.ivy2/jars/org.apache.commons_commons-pool2-2.6.2.jar with timestamp 1619451302097
21/04/26 15:35:02 INFO Utils: Copying /opt/bitnami/spark/.ivy2/jars/org.apache.commons_commons-pool2-2.6.2.jar to /tmp/spark-86b8fb88-64cc-4174-be4e-7477849c1fa3/userFiles-cbf39409-c697-40d7-b4a3-016f86bad8c7/org.apache.commons_commons-pool2-2.6.2.jar
21/04/26 15:35:02 INFO SparkContext: Added file file:///opt/bitnami/spark/.ivy2/jars/org.spark-project.spark_unused-1.0.0.jar at file:///opt/bitnami/spark/.ivy2/jars/org.spark-project.spark_unused-1.0.0.jar with timestamp 1619451302097
21/04/26 15:35:02 INFO Utils: Copying /opt/bitnami/spark/.ivy2/jars/org.spark-project.spark_unused-1.0.0.jar to /tmp/spark-86b8fb88-64cc-4174-be4e-7477849c1fa3/userFiles-cbf39409-c697-40d7-b4a3-016f86bad8c7/org.spark-project.spark_unused-1.0.0.jar
21/04/26 15:35:02 INFO SparkContext: Added file file:///opt/bitnami/spark/.ivy2/jars/com.github.luben_zstd-jni-1.4.4-3.jar at file:///opt/bitnami/spark/.ivy2/jars/com.github.luben_zstd-jni-1.4.4-3.jar with timestamp 1619451302097
21/04/26 15:35:02 INFO Utils: Copying /opt/bitnami/spark/.ivy2/jars/com.github.luben_zstd-jni-1.4.4-3.jar to /tmp/spark-86b8fb88-64cc-4174-be4e-7477849c1fa3/userFiles-cbf39409-c697-40d7-b4a3-016f86bad8c7/com.github.luben_zstd-jni-1.4.4-3.jar
21/04/26 15:35:02 INFO SparkContext: Added file file:///opt/bitnami/spark/.ivy2/jars/org.lz4_lz4-java-1.7.1.jar at file:///opt/bitnami/spark/.ivy2/jars/org.lz4_lz4-java-1.7.1.jar with timestamp 1619451302097
21/04/26 15:35:02 INFO Utils: Copying /opt/bitnami/spark/.ivy2/jars/org.lz4_lz4-java-1.7.1.jar to /tmp/spark-86b8fb88-64cc-4174-be4e-7477849c1fa3/userFiles-cbf39409-c697-40d7-b4a3-016f86bad8c7/org.lz4_lz4-java-1.7.1.jar
21/04/26 15:35:02 INFO SparkContext: Added file file:///opt/bitnami/spark/.ivy2/jars/org.xerial.snappy_snappy-java-1.1.7.5.jar at file:///opt/bitnami/spark/.ivy2/jars/org.xerial.snappy_snappy-java-1.1.7.5.jar with timestamp 1619451302097
21/04/26 15:35:02 INFO Utils: Copying /opt/bitnami/spark/.ivy2/jars/org.xerial.snappy_snappy-java-1.1.7.5.jar to /tmp/spark-86b8fb88-64cc-4174-be4e-7477849c1fa3/userFiles-cbf39409-c697-40d7-b4a3-016f86bad8c7/org.xerial.snappy_snappy-java-1.1.7.5.jar
21/04/26 15:35:02 INFO SparkContext: Added file file:///opt/bitnami/spark/.ivy2/jars/org.slf4j_slf4j-api-1.7.30.jar at file:///opt/bitnami/spark/.ivy2/jars/org.slf4j_slf4j-api-1.7.30.jar with timestamp 1619451302097
21/04/26 15:35:02 INFO Utils: Copying /opt/bitnami/spark/.ivy2/jars/org.slf4j_slf4j-api-1.7.30.jar to /tmp/spark-86b8fb88-64cc-4174-be4e-7477849c1fa3/userFiles-cbf39409-c697-40d7-b4a3-016f86bad8c7/org.slf4j_slf4j-api-1.7.30.jar
21/04/26 15:35:03 INFO Executor: Starting executor ID driver on host 0e7da3e27e47
21/04/26 15:35:03 INFO Executor: Fetching file:///opt/bitnami/spark/.ivy2/jars/org.apache.spark_spark-token-provider-kafka-0-10_2.12-3.0.0.jar with timestamp 1619451302097
21/04/26 15:35:03 INFO Utils: /opt/bitnami/spark/.ivy2/jars/org.apache.spark_spark-token-provider-kafka-0-10_2.12-3.0.0.jar has been previously copied to /tmp/spark-86b8fb88-64cc-4174-be4e-7477849c1fa3/userFiles-cbf39409-c697-40d7-b4a3-016f86bad8c7/org.apache.spark_spark-token-provider-kafka-0-10_2.12-3.0.0.jar
21/04/26 15:35:03 INFO Executor: Fetching file:///opt/bitnami/spark/.ivy2/jars/com.github.luben_zstd-jni-1.4.4-3.jar with timestamp 1619451302097
21/04/26 15:35:03 INFO Utils: /opt/bitnami/spark/.ivy2/jars/com.github.luben_zstd-jni-1.4.4-3.jar has been previously copied to /tmp/spark-86b8fb88-64cc-4174-be4e-7477849c1fa3/userFiles-cbf39409-c697-40d7-b4a3-016f86bad8c7/com.github.luben_zstd-jni-1.4.4-3.jar
21/04/26 15:35:03 INFO Executor: Fetching file:///opt/bitnami/spark/.ivy2/jars/org.xerial.snappy_snappy-java-1.1.7.5.jar with timestamp 1619451302097
21/04/26 15:35:03 INFO Utils: /opt/bitnami/spark/.ivy2/jars/org.xerial.snappy_snappy-java-1.1.7.5.jar has been previously copied to /tmp/spark-86b8fb88-64cc-4174-be4e-7477849c1fa3/userFiles-cbf39409-c697-40d7-b4a3-016f86bad8c7/org.xerial.snappy_snappy-java-1.1.7.5.jar
21/04/26 15:35:03 INFO Executor: Fetching file:///opt/bitnami/spark/.ivy2/jars/org.apache.kafka_kafka-clients-2.4.1.jar with timestamp 1619451302097
21/04/26 15:35:03 INFO Utils: /opt/bitnami/spark/.ivy2/jars/org.apache.kafka_kafka-clients-2.4.1.jar has been previously copied to /tmp/spark-86b8fb88-64cc-4174-be4e-7477849c1fa3/userFiles-cbf39409-c697-40d7-b4a3-016f86bad8c7/org.apache.kafka_kafka-clients-2.4.1.jar
21/04/26 15:35:03 INFO Executor: Fetching file:///opt/bitnami/spark/.ivy2/jars/org.apache.spark_spark-sql-kafka-0-10_2.12-3.0.0.jar with timestamp 1619451302097
21/04/26 15:35:03 INFO Utils: /opt/bitnami/spark/.ivy2/jars/org.apache.spark_spark-sql-kafka-0-10_2.12-3.0.0.jar has been previously copied to /tmp/spark-86b8fb88-64cc-4174-be4e-7477849c1fa3/userFiles-cbf39409-c697-40d7-b4a3-016f86bad8c7/org.apache.spark_spark-sql-kafka-0-10_2.12-3.0.0.jar
21/04/26 15:35:03 INFO Executor: Fetching file:///opt/bitnami/spark/.ivy2/jars/org.apache.commons_commons-pool2-2.6.2.jar with timestamp 1619451302097
21/04/26 15:35:03 INFO Utils: /opt/bitnami/spark/.ivy2/jars/org.apache.commons_commons-pool2-2.6.2.jar has been previously copied to /tmp/spark-86b8fb88-64cc-4174-be4e-7477849c1fa3/userFiles-cbf39409-c697-40d7-b4a3-016f86bad8c7/org.apache.commons_commons-pool2-2.6.2.jar
21/04/26 15:35:03 INFO Executor: Fetching file:///opt/bitnami/spark/.ivy2/jars/org.spark-project.spark_unused-1.0.0.jar with timestamp 1619451302097
21/04/26 15:35:03 INFO Utils: /opt/bitnami/spark/.ivy2/jars/org.spark-project.spark_unused-1.0.0.jar has been previously copied to /tmp/spark-86b8fb88-64cc-4174-be4e-7477849c1fa3/userFiles-cbf39409-c697-40d7-b4a3-016f86bad8c7/org.spark-project.spark_unused-1.0.0.jar
21/04/26 15:35:03 INFO Executor: Fetching file:///opt/bitnami/spark/.ivy2/jars/org.lz4_lz4-java-1.7.1.jar with timestamp 1619451302097
21/04/26 15:35:03 INFO Utils: /opt/bitnami/spark/.ivy2/jars/org.lz4_lz4-java-1.7.1.jar has been previously copied to /tmp/spark-86b8fb88-64cc-4174-be4e-7477849c1fa3/userFiles-cbf39409-c697-40d7-b4a3-016f86bad8c7/org.lz4_lz4-java-1.7.1.jar
21/04/26 15:35:03 INFO Executor: Fetching file:///opt/bitnami/spark/.ivy2/jars/org.slf4j_slf4j-api-1.7.30.jar with timestamp 1619451302097
21/04/26 15:35:03 INFO Utils: /opt/bitnami/spark/.ivy2/jars/org.slf4j_slf4j-api-1.7.30.jar has been previously copied to /tmp/spark-86b8fb88-64cc-4174-be4e-7477849c1fa3/userFiles-cbf39409-c697-40d7-b4a3-016f86bad8c7/org.slf4j_slf4j-api-1.7.30.jar
21/04/26 15:35:03 INFO Executor: Fetching spark://0e7da3e27e47:41709/jars/org.xerial.snappy_snappy-java-1.1.7.5.jar with timestamp 1619451302097
21/04/26 15:35:03 INFO TransportClientFactory: Successfully created connection to 0e7da3e27e47/172.22.0.4:41709 after 20 ms (0 ms spent in bootstraps)
21/04/26 15:35:03 INFO Utils: Fetching spark://0e7da3e27e47:41709/jars/org.xerial.snappy_snappy-java-1.1.7.5.jar to /tmp/spark-86b8fb88-64cc-4174-be4e-7477849c1fa3/userFiles-cbf39409-c697-40d7-b4a3-016f86bad8c7/fetchFileTemp5206161659403001753.tmp
21/04/26 15:35:03 INFO Utils: /tmp/spark-86b8fb88-64cc-4174-be4e-7477849c1fa3/userFiles-cbf39409-c697-40d7-b4a3-016f86bad8c7/fetchFileTemp5206161659403001753.tmp has been previously copied to /tmp/spark-86b8fb88-64cc-4174-be4e-7477849c1fa3/userFiles-cbf39409-c697-40d7-b4a3-016f86bad8c7/org.xerial.snappy_snappy-java-1.1.7.5.jar
21/04/26 15:35:03 INFO Executor: Adding file:/tmp/spark-86b8fb88-64cc-4174-be4e-7477849c1fa3/userFiles-cbf39409-c697-40d7-b4a3-016f86bad8c7/org.xerial.snappy_snappy-java-1.1.7.5.jar to class loader
21/04/26 15:35:03 INFO Executor: Fetching spark://0e7da3e27e47:41709/jars/org.slf4j_slf4j-api-1.7.30.jar with timestamp 1619451302097
21/04/26 15:35:03 INFO Utils: Fetching spark://0e7da3e27e47:41709/jars/org.slf4j_slf4j-api-1.7.30.jar to /tmp/spark-86b8fb88-64cc-4174-be4e-7477849c1fa3/userFiles-cbf39409-c697-40d7-b4a3-016f86bad8c7/fetchFileTemp2788221504024966712.tmp
21/04/26 15:35:03 INFO Utils: /tmp/spark-86b8fb88-64cc-4174-be4e-7477849c1fa3/userFiles-cbf39409-c697-40d7-b4a3-016f86bad8c7/fetchFileTemp2788221504024966712.tmp has been previously copied to /tmp/spark-86b8fb88-64cc-4174-be4e-7477849c1fa3/userFiles-cbf39409-c697-40d7-b4a3-016f86bad8c7/org.slf4j_slf4j-api-1.7.30.jar
21/04/26 15:35:03 INFO Executor: Adding file:/tmp/spark-86b8fb88-64cc-4174-be4e-7477849c1fa3/userFiles-cbf39409-c697-40d7-b4a3-016f86bad8c7/org.slf4j_slf4j-api-1.7.30.jar to class loader
21/04/26 15:35:03 INFO Executor: Fetching spark://0e7da3e27e47:41709/jars/com.github.luben_zstd-jni-1.4.4-3.jar with timestamp 1619451302097
21/04/26 15:35:03 INFO Utils: Fetching spark://0e7da3e27e47:41709/jars/com.github.luben_zstd-jni-1.4.4-3.jar to /tmp/spark-86b8fb88-64cc-4174-be4e-7477849c1fa3/userFiles-cbf39409-c697-40d7-b4a3-016f86bad8c7/fetchFileTemp7100759236091957295.tmp
21/04/26 15:35:03 INFO Utils: /tmp/spark-86b8fb88-64cc-4174-be4e-7477849c1fa3/userFiles-cbf39409-c697-40d7-b4a3-016f86bad8c7/fetchFileTemp7100759236091957295.tmp has been previously copied to /tmp/spark-86b8fb88-64cc-4174-be4e-7477849c1fa3/userFiles-cbf39409-c697-40d7-b4a3-016f86bad8c7/com.github.luben_zstd-jni-1.4.4-3.jar
21/04/26 15:35:03 INFO Executor: Adding file:/tmp/spark-86b8fb88-64cc-4174-be4e-7477849c1fa3/userFiles-cbf39409-c697-40d7-b4a3-016f86bad8c7/com.github.luben_zstd-jni-1.4.4-3.jar to class loader
21/04/26 15:35:03 INFO Executor: Fetching spark://0e7da3e27e47:41709/jars/org.lz4_lz4-java-1.7.1.jar with timestamp 1619451302097
21/04/26 15:35:03 INFO Utils: Fetching spark://0e7da3e27e47:41709/jars/org.lz4_lz4-java-1.7.1.jar to /tmp/spark-86b8fb88-64cc-4174-be4e-7477849c1fa3/userFiles-cbf39409-c697-40d7-b4a3-016f86bad8c7/fetchFileTemp521184917166120899.tmp
21/04/26 15:35:03 INFO Utils: /tmp/spark-86b8fb88-64cc-4174-be4e-7477849c1fa3/userFiles-cbf39409-c697-40d7-b4a3-016f86bad8c7/fetchFileTemp521184917166120899.tmp has been previously copied to /tmp/spark-86b8fb88-64cc-4174-be4e-7477849c1fa3/userFiles-cbf39409-c697-40d7-b4a3-016f86bad8c7/org.lz4_lz4-java-1.7.1.jar
21/04/26 15:35:03 INFO Executor: Adding file:/tmp/spark-86b8fb88-64cc-4174-be4e-7477849c1fa3/userFiles-cbf39409-c697-40d7-b4a3-016f86bad8c7/org.lz4_lz4-java-1.7.1.jar to class loader
21/04/26 15:35:03 INFO Executor: Fetching spark://0e7da3e27e47:41709/jars/org.apache.kafka_kafka-clients-2.4.1.jar with timestamp 1619451302097
21/04/26 15:35:03 INFO Utils: Fetching spark://0e7da3e27e47:41709/jars/org.apache.kafka_kafka-clients-2.4.1.jar to /tmp/spark-86b8fb88-64cc-4174-be4e-7477849c1fa3/userFiles-cbf39409-c697-40d7-b4a3-016f86bad8c7/fetchFileTemp1522344935008057772.tmp
21/04/26 15:35:03 INFO Utils: /tmp/spark-86b8fb88-64cc-4174-be4e-7477849c1fa3/userFiles-cbf39409-c697-40d7-b4a3-016f86bad8c7/fetchFileTemp1522344935008057772.tmp has been previously copied to /tmp/spark-86b8fb88-64cc-4174-be4e-7477849c1fa3/userFiles-cbf39409-c697-40d7-b4a3-016f86bad8c7/org.apache.kafka_kafka-clients-2.4.1.jar
21/04/26 15:35:03 INFO Executor: Adding file:/tmp/spark-86b8fb88-64cc-4174-be4e-7477849c1fa3/userFiles-cbf39409-c697-40d7-b4a3-016f86bad8c7/org.apache.kafka_kafka-clients-2.4.1.jar to class loader
21/04/26 15:35:03 INFO Executor: Fetching spark://0e7da3e27e47:41709/jars/org.apache.spark_spark-sql-kafka-0-10_2.12-3.0.0.jar with timestamp 1619451302097
21/04/26 15:35:03 INFO Utils: Fetching spark://0e7da3e27e47:41709/jars/org.apache.spark_spark-sql-kafka-0-10_2.12-3.0.0.jar to /tmp/spark-86b8fb88-64cc-4174-be4e-7477849c1fa3/userFiles-cbf39409-c697-40d7-b4a3-016f86bad8c7/fetchFileTemp3612885823641925365.tmp
21/04/26 15:35:03 INFO Utils: /tmp/spark-86b8fb88-64cc-4174-be4e-7477849c1fa3/userFiles-cbf39409-c697-40d7-b4a3-016f86bad8c7/fetchFileTemp3612885823641925365.tmp has been previously copied to /tmp/spark-86b8fb88-64cc-4174-be4e-7477849c1fa3/userFiles-cbf39409-c697-40d7-b4a3-016f86bad8c7/org.apache.spark_spark-sql-kafka-0-10_2.12-3.0.0.jar
21/04/26 15:35:03 INFO Executor: Adding file:/tmp/spark-86b8fb88-64cc-4174-be4e-7477849c1fa3/userFiles-cbf39409-c697-40d7-b4a3-016f86bad8c7/org.apache.spark_spark-sql-kafka-0-10_2.12-3.0.0.jar to class loader
21/04/26 15:35:03 INFO Executor: Fetching spark://0e7da3e27e47:41709/jars/org.apache.commons_commons-pool2-2.6.2.jar with timestamp 1619451302097
21/04/26 15:35:03 INFO Utils: Fetching spark://0e7da3e27e47:41709/jars/org.apache.commons_commons-pool2-2.6.2.jar to /tmp/spark-86b8fb88-64cc-4174-be4e-7477849c1fa3/userFiles-cbf39409-c697-40d7-b4a3-016f86bad8c7/fetchFileTemp6965235522612323565.tmp
21/04/26 15:35:03 INFO Utils: /tmp/spark-86b8fb88-64cc-4174-be4e-7477849c1fa3/userFiles-cbf39409-c697-40d7-b4a3-016f86bad8c7/fetchFileTemp6965235522612323565.tmp has been previously copied to /tmp/spark-86b8fb88-64cc-4174-be4e-7477849c1fa3/userFiles-cbf39409-c697-40d7-b4a3-016f86bad8c7/org.apache.commons_commons-pool2-2.6.2.jar
21/04/26 15:35:03 INFO Executor: Adding file:/tmp/spark-86b8fb88-64cc-4174-be4e-7477849c1fa3/userFiles-cbf39409-c697-40d7-b4a3-016f86bad8c7/org.apache.commons_commons-pool2-2.6.2.jar to class loader
21/04/26 15:35:03 INFO Executor: Fetching spark://0e7da3e27e47:41709/jars/org.spark-project.spark_unused-1.0.0.jar with timestamp 1619451302097
21/04/26 15:35:03 INFO Utils: Fetching spark://0e7da3e27e47:41709/jars/org.spark-project.spark_unused-1.0.0.jar to /tmp/spark-86b8fb88-64cc-4174-be4e-7477849c1fa3/userFiles-cbf39409-c697-40d7-b4a3-016f86bad8c7/fetchFileTemp7795993928321804598.tmp
21/04/26 15:35:03 INFO Utils: /tmp/spark-86b8fb88-64cc-4174-be4e-7477849c1fa3/userFiles-cbf39409-c697-40d7-b4a3-016f86bad8c7/fetchFileTemp7795993928321804598.tmp has been previously copied to /tmp/spark-86b8fb88-64cc-4174-be4e-7477849c1fa3/userFiles-cbf39409-c697-40d7-b4a3-016f86bad8c7/org.spark-project.spark_unused-1.0.0.jar
21/04/26 15:35:03 INFO Executor: Adding file:/tmp/spark-86b8fb88-64cc-4174-be4e-7477849c1fa3/userFiles-cbf39409-c697-40d7-b4a3-016f86bad8c7/org.spark-project.spark_unused-1.0.0.jar to class loader
21/04/26 15:35:03 INFO Executor: Fetching spark://0e7da3e27e47:41709/jars/org.apache.spark_spark-token-provider-kafka-0-10_2.12-3.0.0.jar with timestamp 1619451302097
21/04/26 15:35:03 INFO Utils: Fetching spark://0e7da3e27e47:41709/jars/org.apache.spark_spark-token-provider-kafka-0-10_2.12-3.0.0.jar to /tmp/spark-86b8fb88-64cc-4174-be4e-7477849c1fa3/userFiles-cbf39409-c697-40d7-b4a3-016f86bad8c7/fetchFileTemp3220496133547949870.tmp
21/04/26 15:35:03 INFO Utils: /tmp/spark-86b8fb88-64cc-4174-be4e-7477849c1fa3/userFiles-cbf39409-c697-40d7-b4a3-016f86bad8c7/fetchFileTemp3220496133547949870.tmp has been previously copied to /tmp/spark-86b8fb88-64cc-4174-be4e-7477849c1fa3/userFiles-cbf39409-c697-40d7-b4a3-016f86bad8c7/org.apache.spark_spark-token-provider-kafka-0-10_2.12-3.0.0.jar
21/04/26 15:35:03 INFO Executor: Adding file:/tmp/spark-86b8fb88-64cc-4174-be4e-7477849c1fa3/userFiles-cbf39409-c697-40d7-b4a3-016f86bad8c7/org.apache.spark_spark-token-provider-kafka-0-10_2.12-3.0.0.jar to class loader
21/04/26 15:35:03 INFO Utils: Successfully started service 'org.apache.spark.network.netty.NettyBlockTransferService' on port 37755.
21/04/26 15:35:03 INFO NettyBlockTransferService: Server created on 0e7da3e27e47:37755
21/04/26 15:35:03 INFO BlockManager: Using org.apache.spark.storage.RandomBlockReplicationPolicy for block replication policy
21/04/26 15:35:03 INFO BlockManagerMaster: Registering BlockManager BlockManagerId(driver, 0e7da3e27e47, 37755, None)
21/04/26 15:35:03 INFO BlockManagerMasterEndpoint: Registering block manager 0e7da3e27e47:37755 with 366.3 MiB RAM, BlockManagerId(driver, 0e7da3e27e47, 37755, None)
21/04/26 15:35:03 INFO BlockManagerMaster: Registered BlockManager BlockManagerId(driver, 0e7da3e27e47, 37755, None)
21/04/26 15:35:03 INFO BlockManager: Initialized BlockManager: BlockManagerId(driver, 0e7da3e27e47, 37755, None)
21/04/26 15:35:03 INFO SharedState: Setting hive.metastore.warehouse.dir ('null') to the value of spark.sql.warehouse.dir ('file:/opt/bitnami/spark/spark-warehouse').
21/04/26 15:35:03 INFO SharedState: Warehouse path is 'file:/opt/bitnami/spark/spark-warehouse'.
21/04/26 15:35:06 WARN StreamingQueryManager: Temporary checkpoint location created which is deleted normally when the query didn't fail: /tmp/temporary-523d8b49-6da0-4f5c-b3d3-94691274e774. If it's required to delete it under any circumstances, please set spark.sql.streaming.forceDeleteTempCheckpointLocation to true. Important to know deleting temp checkpoint folder is best effort.
-------------------------------------------
Batch: 0
-------------------------------------------
+--------------------+-----+
|            customer|score|
+--------------------+-----+
|Angie.Smith@test.com| 14.0|
|Jason.Lincoln@tes...| 17.5|
| Lyn.Hansen@test.com|  6.5|
|Sean.Habschied@te...|  8.5|
|Suresh.Abram@test...|-13.0|
|Sean.Lincoln@test...| -3.0|
|Gail.Gonzalez@tes...| -4.0|
|Ashley.Jackson@te...| -4.0|
|Craig.Olson@test.com| -3.5|
| Jane.Mitra@test.com| -4.0|
| Senthil.Wu@test.com| -4.0|
|Santosh.Jones@tes...| -4.5|
| Sean.Clark@test.com| -4.0|
|Travis.Clayton@te...| -2.5|
|Edward.Jackson@te...| -1.0|
|Angie.Howard@test...| 19.0|
|Danny.Khatib@test...|-36.5|
+--------------------+-----+

-------------------------------------------
Batch: 1
-------------------------------------------
+--------------------+-----+
|            customer|score|
+--------------------+-----+
|Ashley.Mitra@test...|-28.5|
+--------------------+-----+

-------------------------------------------
Batch: 2
-------------------------------------------
+--------------------+-----+
|            customer|score|
+--------------------+-----+
|John.Aristotle@te...|  6.5|
+--------------------+-----+

-------------------------------------------
Batch: 3
-------------------------------------------
+--------------------+-----+
|            customer|score|
+--------------------+-----+
|Senthil.Staples@t...|  1.5|
+--------------------+-----+

-------------------------------------------
Batch: 4
-------------------------------------------
+--------------------+-----+
|            customer|score|
+--------------------+-----+
|Craig.Jefferson@t...| 12.5|
+--------------------+-----+

-------------------------------------------
Batch: 5
-------------------------------------------
+--------------------+-----+
|            customer|score|
+--------------------+-----+
|Larry.Clayton@tes...| 26.0|
+--------------------+-----+

-------------------------------------------
Batch: 6
-------------------------------------------
+--------------------+-----+
|            customer|score|
+--------------------+-----+
|Trevor.Howard@tes...| 23.5|
+--------------------+-----+

-------------------------------------------
Batch: 7
-------------------------------------------
+--------------------+-----+
|            customer|score|
+--------------------+-----+
|David.Olson@test.com| 10.0|
+--------------------+-----+

-------------------------------------------
Batch: 8
-------------------------------------------
+--------------------+-----+
|            customer|score|
+--------------------+-----+
|John.Sanchez@test...| -6.0|
+--------------------+-----+

-------------------------------------------
Batch: 9
-------------------------------------------
+-------------------+-----+
|           customer|score|
+-------------------+-----+
|Ben.Hansen@test.com|-18.0|
+-------------------+-----+

-------------------------------------------
Batch: 10
-------------------------------------------
+--------------------+-----+
|            customer|score|
+--------------------+-----+
|Sarah.Gonzalez@te...| -7.0|
+--------------------+-----+

-------------------------------------------
Batch: 11
-------------------------------------------
+--------------------+-----+
|            customer|score|
+--------------------+-----+
|Gail.Anderson@tes...|  7.5|
+--------------------+-----+

-------------------------------------------
Batch: 12
-------------------------------------------
+--------------------+-----+
|            customer|score|
+--------------------+-----+
|Angie.Smith@test.com| 18.5|
+--------------------+-----+

-------------------------------------------
Batch: 13
-------------------------------------------
+--------------------+-----+
|            customer|score|
+--------------------+-----+
|Jason.Lincoln@tes...| 14.0|
+--------------------+-----+

-------------------------------------------
Batch: 14
-------------------------------------------
+-------------------+-----+
|           customer|score|
+-------------------+-----+
|Lyn.Hansen@test.com| 16.0|
+-------------------+-----+

-------------------------------------------
Batch: 15
-------------------------------------------
+--------------------+-----+
|            customer|score|
+--------------------+-----+
|Sean.Habschied@te...| 32.0|
+--------------------+-----+

-------------------------------------------
Batch: 16
-------------------------------------------
+--------------------+-----+
|            customer|score|
+--------------------+-----+
|Suresh.Abram@test...|  5.0|
+--------------------+-----+

-------------------------------------------
Batch: 17
-------------------------------------------
+--------------------+-----+
|            customer|score|
+--------------------+-----+
|Sean.Lincoln@test...| -2.5|
+--------------------+-----+

-------------------------------------------
Batch: 18
-------------------------------------------
+--------------------+-----+
|            customer|score|
+--------------------+-----+
|Gail.Gonzalez@tes...| -3.0|
+--------------------+-----+

-------------------------------------------
Batch: 19
-------------------------------------------
+--------------------+-----+
|            customer|score|
+--------------------+-----+
|Ashley.Jackson@te...| -2.5|
+--------------------+-----+

-------------------------------------------
Batch: 20
-------------------------------------------
+--------------------+-----+
|            customer|score|
+--------------------+-----+
|Craig.Olson@test.com| -5.0|
+--------------------+-----+

-------------------------------------------
Batch: 21
-------------------------------------------
+-------------------+-----+
|           customer|score|
+-------------------+-----+
|Jane.Mitra@test.com| -4.0|
+-------------------+-----+

-------------------------------------------
Batch: 22
-------------------------------------------
+-------------------+-----+
|           customer|score|
+-------------------+-----+
|Senthil.Wu@test.com| -3.5|
+-------------------+-----+

-------------------------------------------
Batch: 23
-------------------------------------------
+--------------------+-----+
|            customer|score|
+--------------------+-----+
|Santosh.Jones@tes...| -3.0|
+--------------------+-----+

-------------------------------------------
Batch: 24
-------------------------------------------
+-------------------+-----+
|           customer|score|
+-------------------+-----+
|Sean.Clark@test.com| -3.0|
+-------------------+-----+

-------------------------------------------
Batch: 25
-------------------------------------------
+--------------------+-----+
|            customer|score|
+--------------------+-----+
|Travis.Clayton@te...| -1.0|
+--------------------+-----+

-------------------------------------------
Batch: 26
-------------------------------------------
+--------------------+-----+
|            customer|score|
+--------------------+-----+
|Edward.Jackson@te...| -1.5|
+--------------------+-----+

-------------------------------------------
Batch: 27
-------------------------------------------
+--------------------+-----+
|            customer|score|
+--------------------+-----+
|Angie.Howard@test...| 20.5|
+--------------------+-----+

-------------------------------------------
Batch: 28
-------------------------------------------
+--------------------+-----+
|            customer|score|
+--------------------+-----+
|Danny.Khatib@test...|-13.0|
+--------------------+-----+

-------------------------------------------
Batch: 29
-------------------------------------------
+--------------------+-----+
|            customer|score|
+--------------------+-----+
|Ashley.Mitra@test...|-14.0|
+--------------------+-----+

-------------------------------------------
Batch: 30
-------------------------------------------
+--------------------+-----+
|            customer|score|
+--------------------+-----+
|John.Aristotle@te...| -3.0|
+--------------------+-----+

-------------------------------------------
Batch: 31
-------------------------------------------
+--------------------+-----+
|            customer|score|
+--------------------+-----+
|Senthil.Staples@t...| 13.0|
+--------------------+-----+

-------------------------------------------
Batch: 32
-------------------------------------------
+--------------------+-----+
|            customer|score|
+--------------------+-----+
|Craig.Jefferson@t...|-12.0|
+--------------------+-----+

-------------------------------------------
Batch: 33
-------------------------------------------
+--------------------+-----+
|            customer|score|
+--------------------+-----+
|Larry.Clayton@tes...|-21.5|
+--------------------+-----+

-------------------------------------------
Batch: 34
-------------------------------------------
+--------------------+-----+
|            customer|score|
+--------------------+-----+
|Trevor.Howard@tes...|  6.0|
+--------------------+-----+

-------------------------------------------
Batch: 35
-------------------------------------------
+--------------------+-----+
|            customer|score|
+--------------------+-----+
|David.Olson@test.com| 20.5|
+--------------------+-----+

-------------------------------------------
Batch: 36
-------------------------------------------
+--------------------+-----+
|            customer|score|
+--------------------+-----+
|John.Sanchez@test...|-18.0|
+--------------------+-----+

-------------------------------------------
Batch: 37
-------------------------------------------
+-------------------+-----+
|           customer|score|
+-------------------+-----+
|Ben.Hansen@test.com| -4.0|
+-------------------+-----+

-------------------------------------------
Batch: 38
-------------------------------------------
+--------------------+-----+
|            customer|score|
+--------------------+-----+
|Sarah.Gonzalez@te...|-35.5|
+--------------------+-----+

-------------------------------------------
Batch: 39
-------------------------------------------
+--------------------+-----+
|            customer|score|
+--------------------+-----+
|Gail.Anderson@tes...| 17.0|
+--------------------+-----+

-------------------------------------------
Batch: 40
-------------------------------------------
+--------------------+-----+
|            customer|score|
+--------------------+-----+
|Angie.Smith@test.com|  9.5|
+--------------------+-----+

-------------------------------------------
Batch: 41
-------------------------------------------
+--------------------+-----+
|            customer|score|
+--------------------+-----+
|Jason.Lincoln@tes...|-17.0|
+--------------------+-----+

-------------------------------------------
Batch: 42
-------------------------------------------
+-------------------+-----+
|           customer|score|
+-------------------+-----+
|Lyn.Hansen@test.com| -9.5|
+-------------------+-----+

-------------------------------------------
Batch: 43
-------------------------------------------
+--------------------+-----+
|            customer|score|
+--------------------+-----+
|Sean.Habschied@te...| -3.0|
+--------------------+-----+

-------------------------------------------
Batch: 44
-------------------------------------------
+--------------------+-----+
|            customer|score|
+--------------------+-----+
|Suresh.Abram@test...| 11.5|
+--------------------+-----+
