:: loading settings :: url = jar:file:/opt/bitnami/spark/jars/ivy-2.4.0.jar!/org/apache/ivy/core/settings/ivysettings.xml
Ivy Default Cache set to: /opt/bitnami/spark/.ivy2/cache
The jars for the packages stored in: /opt/bitnami/spark/.ivy2/jars
org.apache.spark#spark-sql-kafka-0-10_2.12 added as a dependency
:: resolving dependencies :: org.apache.spark#spark-submit-parent-44f5b89a-cb07-4210-9e5b-50a2baa84203;1.0
	confs: [default]
	found org.apache.spark#spark-sql-kafka-0-10_2.12;3.1.1 in central
	found org.apache.spark#spark-token-provider-kafka-0-10_2.12;3.1.1 in central
	found org.apache.kafka#kafka-clients;2.6.0 in central
	found com.github.luben#zstd-jni;1.4.8-1 in central
	found org.lz4#lz4-java;1.7.1 in central
	found org.xerial.snappy#snappy-java;1.1.8.2 in central
	found org.slf4j#slf4j-api;1.7.30 in central
	found org.spark-project.spark#unused;1.0.0 in central
	found org.apache.commons#commons-pool2;2.6.2 in central
:: resolution report :: resolve 851ms :: artifacts dl 126ms
	:: modules in use:
	com.github.luben#zstd-jni;1.4.8-1 from central in [default]
	org.apache.commons#commons-pool2;2.6.2 from central in [default]
	org.apache.kafka#kafka-clients;2.6.0 from central in [default]
	org.apache.spark#spark-sql-kafka-0-10_2.12;3.1.1 from central in [default]
	org.apache.spark#spark-token-provider-kafka-0-10_2.12;3.1.1 from central in [default]
	org.lz4#lz4-java;1.7.1 from central in [default]
	org.slf4j#slf4j-api;1.7.30 from central in [default]
	org.spark-project.spark#unused;1.0.0 from central in [default]
	org.xerial.snappy#snappy-java;1.1.8.2 from central in [default]
	---------------------------------------------------------------------
	|                  |            modules            ||   artifacts   |
	|       conf       | number| search|dwnlded|evicted|| number|dwnlded|
	---------------------------------------------------------------------
	|      default     |   9   |   0   |   0   |   0   ||   9   |   0   |
	---------------------------------------------------------------------
:: retrieving :: org.apache.spark#spark-submit-parent-44f5b89a-cb07-4210-9e5b-50a2baa84203
	confs: [default]
	0 artifacts copied, 9 already retrieved (0kB/48ms)
21/04/26 15:35:23 WARN NativeCodeLoader: Unable to load native-hadoop library for your platform... using builtin-java classes where applicable
Using Spark's default log4j profile: org/apache/spark/log4j-defaults.properties
21/04/26 15:35:24 INFO SparkContext: Running Spark version 3.1.1
21/04/26 15:35:24 INFO ResourceUtils: ==============================================================
21/04/26 15:35:24 INFO ResourceUtils: No custom resources configured for spark.driver.
21/04/26 15:35:24 INFO ResourceUtils: ==============================================================
21/04/26 15:35:24 INFO SparkContext: Submitted application: p2_hkn_kafka_join
21/04/26 15:35:24 INFO ResourceProfile: Default ResourceProfile created, executor resources: Map(cores -> name: cores, amount: 1, script: , vendor: , memory -> name: memory, amount: 1024, script: , vendor: , offHeap -> name: offHeap, amount: 0, script: , vendor: ), task resources: Map(cpus -> name: cpus, amount: 1.0)
21/04/26 15:35:24 INFO ResourceProfile: Limiting resource is cpu
21/04/26 15:35:24 INFO ResourceProfileManager: Added ResourceProfile id: 0
21/04/26 15:35:24 INFO SecurityManager: Changing view acls to: spark
21/04/26 15:35:24 INFO SecurityManager: Changing modify acls to: spark
21/04/26 15:35:24 INFO SecurityManager: Changing view acls groups to: 
21/04/26 15:35:24 INFO SecurityManager: Changing modify acls groups to: 
21/04/26 15:35:24 INFO SecurityManager: SecurityManager: authentication disabled; ui acls disabled; users  with view permissions: Set(spark); groups with view permissions: Set(); users  with modify permissions: Set(spark); groups with modify permissions: Set()
21/04/26 15:35:24 INFO Utils: Successfully started service 'sparkDriver' on port 45515.
21/04/26 15:35:24 INFO SparkEnv: Registering MapOutputTracker
21/04/26 15:35:24 INFO SparkEnv: Registering BlockManagerMaster
21/04/26 15:35:24 INFO BlockManagerMasterEndpoint: Using org.apache.spark.storage.DefaultTopologyMapper for getting topology information
21/04/26 15:35:24 INFO BlockManagerMasterEndpoint: BlockManagerMasterEndpoint up
21/04/26 15:35:24 INFO SparkEnv: Registering BlockManagerMasterHeartbeat
21/04/26 15:35:24 INFO DiskBlockManager: Created local directory at /tmp/blockmgr-c3edcff1-5646-404b-ba29-d831fab3bd9b
21/04/26 15:35:24 INFO MemoryStore: MemoryStore started with capacity 366.3 MiB
21/04/26 15:35:24 INFO SparkEnv: Registering OutputCommitCoordinator
21/04/26 15:35:25 WARN Utils: Service 'SparkUI' could not bind on port 4040. Attempting port 4041.
21/04/26 15:35:25 INFO Utils: Successfully started service 'SparkUI' on port 4041.
21/04/26 15:35:25 INFO SparkUI: Bound SparkUI to 0.0.0.0, and started at http://0e7da3e27e47:4041
21/04/26 15:35:25 INFO SparkContext: Added JAR file:///opt/bitnami/spark/.ivy2/jars/org.apache.spark_spark-sql-kafka-0-10_2.12-3.1.1.jar at spark://0e7da3e27e47:45515/jars/org.apache.spark_spark-sql-kafka-0-10_2.12-3.1.1.jar with timestamp 1619451324621
21/04/26 15:35:25 INFO SparkContext: Added JAR file:///opt/bitnami/spark/.ivy2/jars/org.apache.spark_spark-token-provider-kafka-0-10_2.12-3.1.1.jar at spark://0e7da3e27e47:45515/jars/org.apache.spark_spark-token-provider-kafka-0-10_2.12-3.1.1.jar with timestamp 1619451324621
21/04/26 15:35:25 INFO SparkContext: Added JAR file:///opt/bitnami/spark/.ivy2/jars/org.apache.kafka_kafka-clients-2.6.0.jar at spark://0e7da3e27e47:45515/jars/org.apache.kafka_kafka-clients-2.6.0.jar with timestamp 1619451324621
21/04/26 15:35:25 INFO SparkContext: Added JAR file:///opt/bitnami/spark/.ivy2/jars/org.apache.commons_commons-pool2-2.6.2.jar at spark://0e7da3e27e47:45515/jars/org.apache.commons_commons-pool2-2.6.2.jar with timestamp 1619451324621
21/04/26 15:35:25 INFO SparkContext: Added JAR file:///opt/bitnami/spark/.ivy2/jars/org.spark-project.spark_unused-1.0.0.jar at spark://0e7da3e27e47:45515/jars/org.spark-project.spark_unused-1.0.0.jar with timestamp 1619451324621
21/04/26 15:35:25 INFO SparkContext: Added JAR file:///opt/bitnami/spark/.ivy2/jars/com.github.luben_zstd-jni-1.4.8-1.jar at spark://0e7da3e27e47:45515/jars/com.github.luben_zstd-jni-1.4.8-1.jar with timestamp 1619451324621
21/04/26 15:35:25 INFO SparkContext: Added JAR file:///opt/bitnami/spark/.ivy2/jars/org.lz4_lz4-java-1.7.1.jar at spark://0e7da3e27e47:45515/jars/org.lz4_lz4-java-1.7.1.jar with timestamp 1619451324621
21/04/26 15:35:25 INFO SparkContext: Added JAR file:///opt/bitnami/spark/.ivy2/jars/org.xerial.snappy_snappy-java-1.1.8.2.jar at spark://0e7da3e27e47:45515/jars/org.xerial.snappy_snappy-java-1.1.8.2.jar with timestamp 1619451324621
21/04/26 15:35:25 INFO SparkContext: Added JAR file:///opt/bitnami/spark/.ivy2/jars/org.slf4j_slf4j-api-1.7.30.jar at spark://0e7da3e27e47:45515/jars/org.slf4j_slf4j-api-1.7.30.jar with timestamp 1619451324621
21/04/26 15:35:25 INFO SparkContext: Added file file:///opt/bitnami/spark/.ivy2/jars/org.apache.spark_spark-sql-kafka-0-10_2.12-3.1.1.jar at file:///opt/bitnami/spark/.ivy2/jars/org.apache.spark_spark-sql-kafka-0-10_2.12-3.1.1.jar with timestamp 1619451324621
21/04/26 15:35:25 INFO Utils: Copying /opt/bitnami/spark/.ivy2/jars/org.apache.spark_spark-sql-kafka-0-10_2.12-3.1.1.jar to /tmp/spark-2bb9b2cb-4534-484f-8a13-4edeef93789a/userFiles-fd82e4b0-9c60-4463-8c7e-228bb19d33be/org.apache.spark_spark-sql-kafka-0-10_2.12-3.1.1.jar
21/04/26 15:35:25 INFO SparkContext: Added file file:///opt/bitnami/spark/.ivy2/jars/org.apache.spark_spark-token-provider-kafka-0-10_2.12-3.1.1.jar at file:///opt/bitnami/spark/.ivy2/jars/org.apache.spark_spark-token-provider-kafka-0-10_2.12-3.1.1.jar with timestamp 1619451324621
21/04/26 15:35:25 INFO Utils: Copying /opt/bitnami/spark/.ivy2/jars/org.apache.spark_spark-token-provider-kafka-0-10_2.12-3.1.1.jar to /tmp/spark-2bb9b2cb-4534-484f-8a13-4edeef93789a/userFiles-fd82e4b0-9c60-4463-8c7e-228bb19d33be/org.apache.spark_spark-token-provider-kafka-0-10_2.12-3.1.1.jar
21/04/26 15:35:25 INFO SparkContext: Added file file:///opt/bitnami/spark/.ivy2/jars/org.apache.kafka_kafka-clients-2.6.0.jar at file:///opt/bitnami/spark/.ivy2/jars/org.apache.kafka_kafka-clients-2.6.0.jar with timestamp 1619451324621
21/04/26 15:35:25 INFO Utils: Copying /opt/bitnami/spark/.ivy2/jars/org.apache.kafka_kafka-clients-2.6.0.jar to /tmp/spark-2bb9b2cb-4534-484f-8a13-4edeef93789a/userFiles-fd82e4b0-9c60-4463-8c7e-228bb19d33be/org.apache.kafka_kafka-clients-2.6.0.jar
21/04/26 15:35:25 INFO SparkContext: Added file file:///opt/bitnami/spark/.ivy2/jars/org.apache.commons_commons-pool2-2.6.2.jar at file:///opt/bitnami/spark/.ivy2/jars/org.apache.commons_commons-pool2-2.6.2.jar with timestamp 1619451324621
21/04/26 15:35:25 INFO Utils: Copying /opt/bitnami/spark/.ivy2/jars/org.apache.commons_commons-pool2-2.6.2.jar to /tmp/spark-2bb9b2cb-4534-484f-8a13-4edeef93789a/userFiles-fd82e4b0-9c60-4463-8c7e-228bb19d33be/org.apache.commons_commons-pool2-2.6.2.jar
21/04/26 15:35:25 INFO SparkContext: Added file file:///opt/bitnami/spark/.ivy2/jars/org.spark-project.spark_unused-1.0.0.jar at file:///opt/bitnami/spark/.ivy2/jars/org.spark-project.spark_unused-1.0.0.jar with timestamp 1619451324621
21/04/26 15:35:25 INFO Utils: Copying /opt/bitnami/spark/.ivy2/jars/org.spark-project.spark_unused-1.0.0.jar to /tmp/spark-2bb9b2cb-4534-484f-8a13-4edeef93789a/userFiles-fd82e4b0-9c60-4463-8c7e-228bb19d33be/org.spark-project.spark_unused-1.0.0.jar
21/04/26 15:35:25 INFO SparkContext: Added file file:///opt/bitnami/spark/.ivy2/jars/com.github.luben_zstd-jni-1.4.8-1.jar at file:///opt/bitnami/spark/.ivy2/jars/com.github.luben_zstd-jni-1.4.8-1.jar with timestamp 1619451324621
21/04/26 15:35:25 INFO Utils: Copying /opt/bitnami/spark/.ivy2/jars/com.github.luben_zstd-jni-1.4.8-1.jar to /tmp/spark-2bb9b2cb-4534-484f-8a13-4edeef93789a/userFiles-fd82e4b0-9c60-4463-8c7e-228bb19d33be/com.github.luben_zstd-jni-1.4.8-1.jar
21/04/26 15:35:25 INFO SparkContext: Added file file:///opt/bitnami/spark/.ivy2/jars/org.lz4_lz4-java-1.7.1.jar at file:///opt/bitnami/spark/.ivy2/jars/org.lz4_lz4-java-1.7.1.jar with timestamp 1619451324621
21/04/26 15:35:25 INFO Utils: Copying /opt/bitnami/spark/.ivy2/jars/org.lz4_lz4-java-1.7.1.jar to /tmp/spark-2bb9b2cb-4534-484f-8a13-4edeef93789a/userFiles-fd82e4b0-9c60-4463-8c7e-228bb19d33be/org.lz4_lz4-java-1.7.1.jar
21/04/26 15:35:25 INFO SparkContext: Added file file:///opt/bitnami/spark/.ivy2/jars/org.xerial.snappy_snappy-java-1.1.8.2.jar at file:///opt/bitnami/spark/.ivy2/jars/org.xerial.snappy_snappy-java-1.1.8.2.jar with timestamp 1619451324621
21/04/26 15:35:25 INFO Utils: Copying /opt/bitnami/spark/.ivy2/jars/org.xerial.snappy_snappy-java-1.1.8.2.jar to /tmp/spark-2bb9b2cb-4534-484f-8a13-4edeef93789a/userFiles-fd82e4b0-9c60-4463-8c7e-228bb19d33be/org.xerial.snappy_snappy-java-1.1.8.2.jar
21/04/26 15:35:25 INFO SparkContext: Added file file:///opt/bitnami/spark/.ivy2/jars/org.slf4j_slf4j-api-1.7.30.jar at file:///opt/bitnami/spark/.ivy2/jars/org.slf4j_slf4j-api-1.7.30.jar with timestamp 1619451324621
21/04/26 15:35:25 INFO Utils: Copying /opt/bitnami/spark/.ivy2/jars/org.slf4j_slf4j-api-1.7.30.jar to /tmp/spark-2bb9b2cb-4534-484f-8a13-4edeef93789a/userFiles-fd82e4b0-9c60-4463-8c7e-228bb19d33be/org.slf4j_slf4j-api-1.7.30.jar
21/04/26 15:35:25 INFO Executor: Starting executor ID driver on host 0e7da3e27e47
21/04/26 15:35:25 INFO Executor: Fetching file:///opt/bitnami/spark/.ivy2/jars/org.xerial.snappy_snappy-java-1.1.8.2.jar with timestamp 1619451324621
21/04/26 15:35:25 INFO Utils: /opt/bitnami/spark/.ivy2/jars/org.xerial.snappy_snappy-java-1.1.8.2.jar has been previously copied to /tmp/spark-2bb9b2cb-4534-484f-8a13-4edeef93789a/userFiles-fd82e4b0-9c60-4463-8c7e-228bb19d33be/org.xerial.snappy_snappy-java-1.1.8.2.jar
21/04/26 15:35:25 INFO Executor: Fetching file:///opt/bitnami/spark/.ivy2/jars/org.apache.spark_spark-token-provider-kafka-0-10_2.12-3.1.1.jar with timestamp 1619451324621
21/04/26 15:35:25 INFO Utils: /opt/bitnami/spark/.ivy2/jars/org.apache.spark_spark-token-provider-kafka-0-10_2.12-3.1.1.jar has been previously copied to /tmp/spark-2bb9b2cb-4534-484f-8a13-4edeef93789a/userFiles-fd82e4b0-9c60-4463-8c7e-228bb19d33be/org.apache.spark_spark-token-provider-kafka-0-10_2.12-3.1.1.jar
21/04/26 15:35:25 INFO Executor: Fetching file:///opt/bitnami/spark/.ivy2/jars/com.github.luben_zstd-jni-1.4.8-1.jar with timestamp 1619451324621
21/04/26 15:35:25 INFO Utils: /opt/bitnami/spark/.ivy2/jars/com.github.luben_zstd-jni-1.4.8-1.jar has been previously copied to /tmp/spark-2bb9b2cb-4534-484f-8a13-4edeef93789a/userFiles-fd82e4b0-9c60-4463-8c7e-228bb19d33be/com.github.luben_zstd-jni-1.4.8-1.jar
21/04/26 15:35:25 INFO Executor: Fetching file:///opt/bitnami/spark/.ivy2/jars/org.apache.spark_spark-sql-kafka-0-10_2.12-3.1.1.jar with timestamp 1619451324621
21/04/26 15:35:25 INFO Utils: /opt/bitnami/spark/.ivy2/jars/org.apache.spark_spark-sql-kafka-0-10_2.12-3.1.1.jar has been previously copied to /tmp/spark-2bb9b2cb-4534-484f-8a13-4edeef93789a/userFiles-fd82e4b0-9c60-4463-8c7e-228bb19d33be/org.apache.spark_spark-sql-kafka-0-10_2.12-3.1.1.jar
21/04/26 15:35:25 INFO Executor: Fetching file:///opt/bitnami/spark/.ivy2/jars/org.apache.commons_commons-pool2-2.6.2.jar with timestamp 1619451324621
21/04/26 15:35:25 INFO Utils: /opt/bitnami/spark/.ivy2/jars/org.apache.commons_commons-pool2-2.6.2.jar has been previously copied to /tmp/spark-2bb9b2cb-4534-484f-8a13-4edeef93789a/userFiles-fd82e4b0-9c60-4463-8c7e-228bb19d33be/org.apache.commons_commons-pool2-2.6.2.jar
21/04/26 15:35:25 INFO Executor: Fetching file:///opt/bitnami/spark/.ivy2/jars/org.spark-project.spark_unused-1.0.0.jar with timestamp 1619451324621
21/04/26 15:35:25 INFO Utils: /opt/bitnami/spark/.ivy2/jars/org.spark-project.spark_unused-1.0.0.jar has been previously copied to /tmp/spark-2bb9b2cb-4534-484f-8a13-4edeef93789a/userFiles-fd82e4b0-9c60-4463-8c7e-228bb19d33be/org.spark-project.spark_unused-1.0.0.jar
21/04/26 15:35:25 INFO Executor: Fetching file:///opt/bitnami/spark/.ivy2/jars/org.lz4_lz4-java-1.7.1.jar with timestamp 1619451324621
21/04/26 15:35:25 INFO Utils: /opt/bitnami/spark/.ivy2/jars/org.lz4_lz4-java-1.7.1.jar has been previously copied to /tmp/spark-2bb9b2cb-4534-484f-8a13-4edeef93789a/userFiles-fd82e4b0-9c60-4463-8c7e-228bb19d33be/org.lz4_lz4-java-1.7.1.jar
21/04/26 15:35:25 INFO Executor: Fetching file:///opt/bitnami/spark/.ivy2/jars/org.apache.kafka_kafka-clients-2.6.0.jar with timestamp 1619451324621
21/04/26 15:35:26 INFO Utils: /opt/bitnami/spark/.ivy2/jars/org.apache.kafka_kafka-clients-2.6.0.jar has been previously copied to /tmp/spark-2bb9b2cb-4534-484f-8a13-4edeef93789a/userFiles-fd82e4b0-9c60-4463-8c7e-228bb19d33be/org.apache.kafka_kafka-clients-2.6.0.jar
21/04/26 15:35:26 INFO Executor: Fetching file:///opt/bitnami/spark/.ivy2/jars/org.slf4j_slf4j-api-1.7.30.jar with timestamp 1619451324621
21/04/26 15:35:26 INFO Utils: /opt/bitnami/spark/.ivy2/jars/org.slf4j_slf4j-api-1.7.30.jar has been previously copied to /tmp/spark-2bb9b2cb-4534-484f-8a13-4edeef93789a/userFiles-fd82e4b0-9c60-4463-8c7e-228bb19d33be/org.slf4j_slf4j-api-1.7.30.jar
21/04/26 15:35:26 INFO Executor: Fetching spark://0e7da3e27e47:45515/jars/org.spark-project.spark_unused-1.0.0.jar with timestamp 1619451324621
21/04/26 15:35:26 INFO TransportClientFactory: Successfully created connection to 0e7da3e27e47/172.22.0.4:45515 after 19 ms (0 ms spent in bootstraps)
21/04/26 15:35:26 INFO Utils: Fetching spark://0e7da3e27e47:45515/jars/org.spark-project.spark_unused-1.0.0.jar to /tmp/spark-2bb9b2cb-4534-484f-8a13-4edeef93789a/userFiles-fd82e4b0-9c60-4463-8c7e-228bb19d33be/fetchFileTemp1148701143577651531.tmp
21/04/26 15:35:26 INFO Utils: /tmp/spark-2bb9b2cb-4534-484f-8a13-4edeef93789a/userFiles-fd82e4b0-9c60-4463-8c7e-228bb19d33be/fetchFileTemp1148701143577651531.tmp has been previously copied to /tmp/spark-2bb9b2cb-4534-484f-8a13-4edeef93789a/userFiles-fd82e4b0-9c60-4463-8c7e-228bb19d33be/org.spark-project.spark_unused-1.0.0.jar
21/04/26 15:35:26 INFO Executor: Adding file:/tmp/spark-2bb9b2cb-4534-484f-8a13-4edeef93789a/userFiles-fd82e4b0-9c60-4463-8c7e-228bb19d33be/org.spark-project.spark_unused-1.0.0.jar to class loader
21/04/26 15:35:26 INFO Executor: Fetching spark://0e7da3e27e47:45515/jars/org.apache.commons_commons-pool2-2.6.2.jar with timestamp 1619451324621
21/04/26 15:35:26 INFO Utils: Fetching spark://0e7da3e27e47:45515/jars/org.apache.commons_commons-pool2-2.6.2.jar to /tmp/spark-2bb9b2cb-4534-484f-8a13-4edeef93789a/userFiles-fd82e4b0-9c60-4463-8c7e-228bb19d33be/fetchFileTemp6309049431754752340.tmp
21/04/26 15:35:26 INFO Utils: /tmp/spark-2bb9b2cb-4534-484f-8a13-4edeef93789a/userFiles-fd82e4b0-9c60-4463-8c7e-228bb19d33be/fetchFileTemp6309049431754752340.tmp has been previously copied to /tmp/spark-2bb9b2cb-4534-484f-8a13-4edeef93789a/userFiles-fd82e4b0-9c60-4463-8c7e-228bb19d33be/org.apache.commons_commons-pool2-2.6.2.jar
21/04/26 15:35:26 INFO Executor: Adding file:/tmp/spark-2bb9b2cb-4534-484f-8a13-4edeef93789a/userFiles-fd82e4b0-9c60-4463-8c7e-228bb19d33be/org.apache.commons_commons-pool2-2.6.2.jar to class loader
21/04/26 15:35:26 INFO Executor: Fetching spark://0e7da3e27e47:45515/jars/org.slf4j_slf4j-api-1.7.30.jar with timestamp 1619451324621
21/04/26 15:35:26 INFO Utils: Fetching spark://0e7da3e27e47:45515/jars/org.slf4j_slf4j-api-1.7.30.jar to /tmp/spark-2bb9b2cb-4534-484f-8a13-4edeef93789a/userFiles-fd82e4b0-9c60-4463-8c7e-228bb19d33be/fetchFileTemp1176565587069812771.tmp
21/04/26 15:35:26 INFO Utils: /tmp/spark-2bb9b2cb-4534-484f-8a13-4edeef93789a/userFiles-fd82e4b0-9c60-4463-8c7e-228bb19d33be/fetchFileTemp1176565587069812771.tmp has been previously copied to /tmp/spark-2bb9b2cb-4534-484f-8a13-4edeef93789a/userFiles-fd82e4b0-9c60-4463-8c7e-228bb19d33be/org.slf4j_slf4j-api-1.7.30.jar
21/04/26 15:35:26 INFO Executor: Adding file:/tmp/spark-2bb9b2cb-4534-484f-8a13-4edeef93789a/userFiles-fd82e4b0-9c60-4463-8c7e-228bb19d33be/org.slf4j_slf4j-api-1.7.30.jar to class loader
21/04/26 15:35:26 INFO Executor: Fetching spark://0e7da3e27e47:45515/jars/org.xerial.snappy_snappy-java-1.1.8.2.jar with timestamp 1619451324621
21/04/26 15:35:26 INFO Utils: Fetching spark://0e7da3e27e47:45515/jars/org.xerial.snappy_snappy-java-1.1.8.2.jar to /tmp/spark-2bb9b2cb-4534-484f-8a13-4edeef93789a/userFiles-fd82e4b0-9c60-4463-8c7e-228bb19d33be/fetchFileTemp2341973066634995943.tmp
21/04/26 15:35:26 INFO Utils: /tmp/spark-2bb9b2cb-4534-484f-8a13-4edeef93789a/userFiles-fd82e4b0-9c60-4463-8c7e-228bb19d33be/fetchFileTemp2341973066634995943.tmp has been previously copied to /tmp/spark-2bb9b2cb-4534-484f-8a13-4edeef93789a/userFiles-fd82e4b0-9c60-4463-8c7e-228bb19d33be/org.xerial.snappy_snappy-java-1.1.8.2.jar
21/04/26 15:35:26 INFO Executor: Adding file:/tmp/spark-2bb9b2cb-4534-484f-8a13-4edeef93789a/userFiles-fd82e4b0-9c60-4463-8c7e-228bb19d33be/org.xerial.snappy_snappy-java-1.1.8.2.jar to class loader
21/04/26 15:35:26 INFO Executor: Fetching spark://0e7da3e27e47:45515/jars/org.apache.spark_spark-sql-kafka-0-10_2.12-3.1.1.jar with timestamp 1619451324621
21/04/26 15:35:26 INFO Utils: Fetching spark://0e7da3e27e47:45515/jars/org.apache.spark_spark-sql-kafka-0-10_2.12-3.1.1.jar to /tmp/spark-2bb9b2cb-4534-484f-8a13-4edeef93789a/userFiles-fd82e4b0-9c60-4463-8c7e-228bb19d33be/fetchFileTemp9049189242585994275.tmp
21/04/26 15:35:26 INFO Utils: /tmp/spark-2bb9b2cb-4534-484f-8a13-4edeef93789a/userFiles-fd82e4b0-9c60-4463-8c7e-228bb19d33be/fetchFileTemp9049189242585994275.tmp has been previously copied to /tmp/spark-2bb9b2cb-4534-484f-8a13-4edeef93789a/userFiles-fd82e4b0-9c60-4463-8c7e-228bb19d33be/org.apache.spark_spark-sql-kafka-0-10_2.12-3.1.1.jar
21/04/26 15:35:26 INFO Executor: Adding file:/tmp/spark-2bb9b2cb-4534-484f-8a13-4edeef93789a/userFiles-fd82e4b0-9c60-4463-8c7e-228bb19d33be/org.apache.spark_spark-sql-kafka-0-10_2.12-3.1.1.jar to class loader
21/04/26 15:35:26 INFO Executor: Fetching spark://0e7da3e27e47:45515/jars/org.apache.spark_spark-token-provider-kafka-0-10_2.12-3.1.1.jar with timestamp 1619451324621
21/04/26 15:35:26 INFO Utils: Fetching spark://0e7da3e27e47:45515/jars/org.apache.spark_spark-token-provider-kafka-0-10_2.12-3.1.1.jar to /tmp/spark-2bb9b2cb-4534-484f-8a13-4edeef93789a/userFiles-fd82e4b0-9c60-4463-8c7e-228bb19d33be/fetchFileTemp3395722503559011356.tmp
21/04/26 15:35:26 INFO Utils: /tmp/spark-2bb9b2cb-4534-484f-8a13-4edeef93789a/userFiles-fd82e4b0-9c60-4463-8c7e-228bb19d33be/fetchFileTemp3395722503559011356.tmp has been previously copied to /tmp/spark-2bb9b2cb-4534-484f-8a13-4edeef93789a/userFiles-fd82e4b0-9c60-4463-8c7e-228bb19d33be/org.apache.spark_spark-token-provider-kafka-0-10_2.12-3.1.1.jar
21/04/26 15:35:26 INFO Executor: Adding file:/tmp/spark-2bb9b2cb-4534-484f-8a13-4edeef93789a/userFiles-fd82e4b0-9c60-4463-8c7e-228bb19d33be/org.apache.spark_spark-token-provider-kafka-0-10_2.12-3.1.1.jar to class loader
21/04/26 15:35:26 INFO Executor: Fetching spark://0e7da3e27e47:45515/jars/org.apache.kafka_kafka-clients-2.6.0.jar with timestamp 1619451324621
21/04/26 15:35:26 INFO Utils: Fetching spark://0e7da3e27e47:45515/jars/org.apache.kafka_kafka-clients-2.6.0.jar to /tmp/spark-2bb9b2cb-4534-484f-8a13-4edeef93789a/userFiles-fd82e4b0-9c60-4463-8c7e-228bb19d33be/fetchFileTemp2247450345323600455.tmp
21/04/26 15:35:26 INFO Utils: /tmp/spark-2bb9b2cb-4534-484f-8a13-4edeef93789a/userFiles-fd82e4b0-9c60-4463-8c7e-228bb19d33be/fetchFileTemp2247450345323600455.tmp has been previously copied to /tmp/spark-2bb9b2cb-4534-484f-8a13-4edeef93789a/userFiles-fd82e4b0-9c60-4463-8c7e-228bb19d33be/org.apache.kafka_kafka-clients-2.6.0.jar
21/04/26 15:35:26 INFO Executor: Adding file:/tmp/spark-2bb9b2cb-4534-484f-8a13-4edeef93789a/userFiles-fd82e4b0-9c60-4463-8c7e-228bb19d33be/org.apache.kafka_kafka-clients-2.6.0.jar to class loader
21/04/26 15:35:26 INFO Executor: Fetching spark://0e7da3e27e47:45515/jars/com.github.luben_zstd-jni-1.4.8-1.jar with timestamp 1619451324621
21/04/26 15:35:26 INFO Utils: Fetching spark://0e7da3e27e47:45515/jars/com.github.luben_zstd-jni-1.4.8-1.jar to /tmp/spark-2bb9b2cb-4534-484f-8a13-4edeef93789a/userFiles-fd82e4b0-9c60-4463-8c7e-228bb19d33be/fetchFileTemp3782533915286260845.tmp
21/04/26 15:35:26 INFO Utils: /tmp/spark-2bb9b2cb-4534-484f-8a13-4edeef93789a/userFiles-fd82e4b0-9c60-4463-8c7e-228bb19d33be/fetchFileTemp3782533915286260845.tmp has been previously copied to /tmp/spark-2bb9b2cb-4534-484f-8a13-4edeef93789a/userFiles-fd82e4b0-9c60-4463-8c7e-228bb19d33be/com.github.luben_zstd-jni-1.4.8-1.jar
21/04/26 15:35:26 INFO Executor: Adding file:/tmp/spark-2bb9b2cb-4534-484f-8a13-4edeef93789a/userFiles-fd82e4b0-9c60-4463-8c7e-228bb19d33be/com.github.luben_zstd-jni-1.4.8-1.jar to class loader
21/04/26 15:35:26 INFO Executor: Fetching spark://0e7da3e27e47:45515/jars/org.lz4_lz4-java-1.7.1.jar with timestamp 1619451324621
21/04/26 15:35:26 INFO Utils: Fetching spark://0e7da3e27e47:45515/jars/org.lz4_lz4-java-1.7.1.jar to /tmp/spark-2bb9b2cb-4534-484f-8a13-4edeef93789a/userFiles-fd82e4b0-9c60-4463-8c7e-228bb19d33be/fetchFileTemp7243139759741108701.tmp
21/04/26 15:35:26 INFO Utils: /tmp/spark-2bb9b2cb-4534-484f-8a13-4edeef93789a/userFiles-fd82e4b0-9c60-4463-8c7e-228bb19d33be/fetchFileTemp7243139759741108701.tmp has been previously copied to /tmp/spark-2bb9b2cb-4534-484f-8a13-4edeef93789a/userFiles-fd82e4b0-9c60-4463-8c7e-228bb19d33be/org.lz4_lz4-java-1.7.1.jar
21/04/26 15:35:26 INFO Executor: Adding file:/tmp/spark-2bb9b2cb-4534-484f-8a13-4edeef93789a/userFiles-fd82e4b0-9c60-4463-8c7e-228bb19d33be/org.lz4_lz4-java-1.7.1.jar to class loader
21/04/26 15:35:26 INFO Utils: Successfully started service 'org.apache.spark.network.netty.NettyBlockTransferService' on port 43261.
21/04/26 15:35:26 INFO NettyBlockTransferService: Server created on 0e7da3e27e47:43261
21/04/26 15:35:26 INFO BlockManager: Using org.apache.spark.storage.RandomBlockReplicationPolicy for block replication policy
21/04/26 15:35:26 INFO BlockManagerMaster: Registering BlockManager BlockManagerId(driver, 0e7da3e27e47, 43261, None)
21/04/26 15:35:26 INFO BlockManagerMasterEndpoint: Registering block manager 0e7da3e27e47:43261 with 366.3 MiB RAM, BlockManagerId(driver, 0e7da3e27e47, 43261, None)
21/04/26 15:35:26 INFO BlockManagerMaster: Registered BlockManager BlockManagerId(driver, 0e7da3e27e47, 43261, None)
21/04/26 15:35:26 INFO BlockManager: Initialized BlockManager: BlockManagerId(driver, 0e7da3e27e47, 43261, None)
21/04/26 15:35:26 INFO SharedState: Setting hive.metastore.warehouse.dir ('null') to the value of spark.sql.warehouse.dir ('file:/opt/bitnami/spark/spark-warehouse').
21/04/26 15:35:26 INFO SharedState: Warehouse path is 'file:/opt/bitnami/spark/spark-warehouse'.
root
 |-- email: string (nullable = true)
 |-- birthYear: string (nullable = true)

root
 |-- email: string (nullable = true)
 |-- birthYear: string (nullable = true)
 |-- customer: string (nullable = true)
 |-- score: string (nullable = true)
