:: loading settings :: url = jar:file:/opt/bitnami/spark/jars/ivy-2.4.0.jar!/org/apache/ivy/core/settings/ivysettings.xml
Ivy Default Cache set to: /opt/bitnami/spark/.ivy2/cache
The jars for the packages stored in: /opt/bitnami/spark/.ivy2/jars
org.apache.spark#spark-sql-kafka-0-10_2.12 added as a dependency
:: resolving dependencies :: org.apache.spark#spark-submit-parent-f9452e3a-1d59-4c31-bc9d-fc5958dc2dab;1.0
	confs: [default]
	found org.apache.spark#spark-sql-kafka-0-10_2.12;3.0.0 in central
	found org.apache.spark#spark-token-provider-kafka-0-10_2.12;3.0.0 in central
	found org.apache.kafka#kafka-clients;2.4.1 in central
	found com.github.luben#zstd-jni;1.4.4-3 in central
	found org.lz4#lz4-java;1.7.1 in central
	found org.xerial.snappy#snappy-java;1.1.7.5 in central
	found org.slf4j#slf4j-api;1.7.30 in central
	found org.spark-project.spark#unused;1.0.0 in central
	found org.apache.commons#commons-pool2;2.6.2 in central
:: resolution report :: resolve 734ms :: artifacts dl 118ms
	:: modules in use:
	com.github.luben#zstd-jni;1.4.4-3 from central in [default]
	org.apache.commons#commons-pool2;2.6.2 from central in [default]
	org.apache.kafka#kafka-clients;2.4.1 from central in [default]
	org.apache.spark#spark-sql-kafka-0-10_2.12;3.0.0 from central in [default]
	org.apache.spark#spark-token-provider-kafka-0-10_2.12;3.0.0 from central in [default]
	org.lz4#lz4-java;1.7.1 from central in [default]
	org.slf4j#slf4j-api;1.7.30 from central in [default]
	org.spark-project.spark#unused;1.0.0 from central in [default]
	org.xerial.snappy#snappy-java;1.1.7.5 from central in [default]
	---------------------------------------------------------------------
	|                  |            modules            ||   artifacts   |
	|       conf       | number| search|dwnlded|evicted|| number|dwnlded|
	---------------------------------------------------------------------
	|      default     |   9   |   0   |   0   |   0   ||   9   |   0   |
	---------------------------------------------------------------------
:: retrieving :: org.apache.spark#spark-submit-parent-f9452e3a-1d59-4c31-bc9d-fc5958dc2dab
	confs: [default]
	0 artifacts copied, 9 already retrieved (0kB/66ms)
21/04/26 10:09:42 WARN NativeCodeLoader: Unable to load native-hadoop library for your platform... using builtin-java classes where applicable
Using Spark's default log4j profile: org/apache/spark/log4j-defaults.properties
21/04/26 10:09:43 INFO SparkContext: Running Spark version 3.1.1
21/04/26 10:09:43 INFO ResourceUtils: ==============================================================
21/04/26 10:09:43 INFO ResourceUtils: No custom resources configured for spark.driver.
21/04/26 10:09:43 INFO ResourceUtils: ==============================================================
21/04/26 10:09:43 INFO SparkContext: Submitted application: p2_hkn_redis_server
21/04/26 10:09:43 INFO ResourceProfile: Default ResourceProfile created, executor resources: Map(cores -> name: cores, amount: 1, script: , vendor: , memory -> name: memory, amount: 1024, script: , vendor: , offHeap -> name: offHeap, amount: 0, script: , vendor: ), task resources: Map(cpus -> name: cpus, amount: 1.0)
21/04/26 10:09:43 INFO ResourceProfile: Limiting resource is cpu
21/04/26 10:09:43 INFO ResourceProfileManager: Added ResourceProfile id: 0
21/04/26 10:09:43 INFO SecurityManager: Changing view acls to: spark
21/04/26 10:09:43 INFO SecurityManager: Changing modify acls to: spark
21/04/26 10:09:43 INFO SecurityManager: Changing view acls groups to: 
21/04/26 10:09:43 INFO SecurityManager: Changing modify acls groups to: 
21/04/26 10:09:43 INFO SecurityManager: SecurityManager: authentication disabled; ui acls disabled; users  with view permissions: Set(spark); groups with view permissions: Set(); users  with modify permissions: Set(spark); groups with modify permissions: Set()
21/04/26 10:09:43 INFO Utils: Successfully started service 'sparkDriver' on port 37965.
21/04/26 10:09:43 INFO SparkEnv: Registering MapOutputTracker
21/04/26 10:09:43 INFO SparkEnv: Registering BlockManagerMaster
21/04/26 10:09:43 INFO BlockManagerMasterEndpoint: Using org.apache.spark.storage.DefaultTopologyMapper for getting topology information
21/04/26 10:09:43 INFO BlockManagerMasterEndpoint: BlockManagerMasterEndpoint up
21/04/26 10:09:43 INFO SparkEnv: Registering BlockManagerMasterHeartbeat
21/04/26 10:09:43 INFO DiskBlockManager: Created local directory at /tmp/blockmgr-6d933157-1413-49b3-83ce-b487f52867aa
21/04/26 10:09:43 INFO MemoryStore: MemoryStore started with capacity 366.3 MiB
21/04/26 10:09:43 INFO SparkEnv: Registering OutputCommitCoordinator
21/04/26 10:09:44 INFO Utils: Successfully started service 'SparkUI' on port 4040.
21/04/26 10:09:44 INFO SparkUI: Bound SparkUI to 0.0.0.0, and started at http://66a2e93b8e94:4040
21/04/26 10:09:44 INFO SparkContext: Added JAR file:///opt/bitnami/spark/.ivy2/jars/org.apache.spark_spark-sql-kafka-0-10_2.12-3.0.0.jar at spark://66a2e93b8e94:37965/jars/org.apache.spark_spark-sql-kafka-0-10_2.12-3.0.0.jar with timestamp 1619431783506
21/04/26 10:09:44 INFO SparkContext: Added JAR file:///opt/bitnami/spark/.ivy2/jars/org.apache.spark_spark-token-provider-kafka-0-10_2.12-3.0.0.jar at spark://66a2e93b8e94:37965/jars/org.apache.spark_spark-token-provider-kafka-0-10_2.12-3.0.0.jar with timestamp 1619431783506
21/04/26 10:09:44 INFO SparkContext: Added JAR file:///opt/bitnami/spark/.ivy2/jars/org.apache.kafka_kafka-clients-2.4.1.jar at spark://66a2e93b8e94:37965/jars/org.apache.kafka_kafka-clients-2.4.1.jar with timestamp 1619431783506
21/04/26 10:09:44 INFO SparkContext: Added JAR file:///opt/bitnami/spark/.ivy2/jars/org.apache.commons_commons-pool2-2.6.2.jar at spark://66a2e93b8e94:37965/jars/org.apache.commons_commons-pool2-2.6.2.jar with timestamp 1619431783506
21/04/26 10:09:44 INFO SparkContext: Added JAR file:///opt/bitnami/spark/.ivy2/jars/org.spark-project.spark_unused-1.0.0.jar at spark://66a2e93b8e94:37965/jars/org.spark-project.spark_unused-1.0.0.jar with timestamp 1619431783506
21/04/26 10:09:44 INFO SparkContext: Added JAR file:///opt/bitnami/spark/.ivy2/jars/com.github.luben_zstd-jni-1.4.4-3.jar at spark://66a2e93b8e94:37965/jars/com.github.luben_zstd-jni-1.4.4-3.jar with timestamp 1619431783506
21/04/26 10:09:44 INFO SparkContext: Added JAR file:///opt/bitnami/spark/.ivy2/jars/org.lz4_lz4-java-1.7.1.jar at spark://66a2e93b8e94:37965/jars/org.lz4_lz4-java-1.7.1.jar with timestamp 1619431783506
21/04/26 10:09:44 INFO SparkContext: Added JAR file:///opt/bitnami/spark/.ivy2/jars/org.xerial.snappy_snappy-java-1.1.7.5.jar at spark://66a2e93b8e94:37965/jars/org.xerial.snappy_snappy-java-1.1.7.5.jar with timestamp 1619431783506
21/04/26 10:09:44 INFO SparkContext: Added JAR file:///opt/bitnami/spark/.ivy2/jars/org.slf4j_slf4j-api-1.7.30.jar at spark://66a2e93b8e94:37965/jars/org.slf4j_slf4j-api-1.7.30.jar with timestamp 1619431783506
21/04/26 10:09:44 INFO SparkContext: Added file file:///opt/bitnami/spark/.ivy2/jars/org.apache.spark_spark-sql-kafka-0-10_2.12-3.0.0.jar at file:///opt/bitnami/spark/.ivy2/jars/org.apache.spark_spark-sql-kafka-0-10_2.12-3.0.0.jar with timestamp 1619431783506
21/04/26 10:09:44 INFO Utils: Copying /opt/bitnami/spark/.ivy2/jars/org.apache.spark_spark-sql-kafka-0-10_2.12-3.0.0.jar to /tmp/spark-ce3c53ce-2b8a-4a64-beda-2fd529f92d66/userFiles-82793c4e-2f59-4df8-9044-a40bd35c1996/org.apache.spark_spark-sql-kafka-0-10_2.12-3.0.0.jar
21/04/26 10:09:44 INFO SparkContext: Added file file:///opt/bitnami/spark/.ivy2/jars/org.apache.spark_spark-token-provider-kafka-0-10_2.12-3.0.0.jar at file:///opt/bitnami/spark/.ivy2/jars/org.apache.spark_spark-token-provider-kafka-0-10_2.12-3.0.0.jar with timestamp 1619431783506
21/04/26 10:09:44 INFO Utils: Copying /opt/bitnami/spark/.ivy2/jars/org.apache.spark_spark-token-provider-kafka-0-10_2.12-3.0.0.jar to /tmp/spark-ce3c53ce-2b8a-4a64-beda-2fd529f92d66/userFiles-82793c4e-2f59-4df8-9044-a40bd35c1996/org.apache.spark_spark-token-provider-kafka-0-10_2.12-3.0.0.jar
21/04/26 10:09:44 INFO SparkContext: Added file file:///opt/bitnami/spark/.ivy2/jars/org.apache.kafka_kafka-clients-2.4.1.jar at file:///opt/bitnami/spark/.ivy2/jars/org.apache.kafka_kafka-clients-2.4.1.jar with timestamp 1619431783506
21/04/26 10:09:44 INFO Utils: Copying /opt/bitnami/spark/.ivy2/jars/org.apache.kafka_kafka-clients-2.4.1.jar to /tmp/spark-ce3c53ce-2b8a-4a64-beda-2fd529f92d66/userFiles-82793c4e-2f59-4df8-9044-a40bd35c1996/org.apache.kafka_kafka-clients-2.4.1.jar
21/04/26 10:09:44 INFO SparkContext: Added file file:///opt/bitnami/spark/.ivy2/jars/org.apache.commons_commons-pool2-2.6.2.jar at file:///opt/bitnami/spark/.ivy2/jars/org.apache.commons_commons-pool2-2.6.2.jar with timestamp 1619431783506
21/04/26 10:09:44 INFO Utils: Copying /opt/bitnami/spark/.ivy2/jars/org.apache.commons_commons-pool2-2.6.2.jar to /tmp/spark-ce3c53ce-2b8a-4a64-beda-2fd529f92d66/userFiles-82793c4e-2f59-4df8-9044-a40bd35c1996/org.apache.commons_commons-pool2-2.6.2.jar
21/04/26 10:09:44 INFO SparkContext: Added file file:///opt/bitnami/spark/.ivy2/jars/org.spark-project.spark_unused-1.0.0.jar at file:///opt/bitnami/spark/.ivy2/jars/org.spark-project.spark_unused-1.0.0.jar with timestamp 1619431783506
21/04/26 10:09:44 INFO Utils: Copying /opt/bitnami/spark/.ivy2/jars/org.spark-project.spark_unused-1.0.0.jar to /tmp/spark-ce3c53ce-2b8a-4a64-beda-2fd529f92d66/userFiles-82793c4e-2f59-4df8-9044-a40bd35c1996/org.spark-project.spark_unused-1.0.0.jar
21/04/26 10:09:44 INFO SparkContext: Added file file:///opt/bitnami/spark/.ivy2/jars/com.github.luben_zstd-jni-1.4.4-3.jar at file:///opt/bitnami/spark/.ivy2/jars/com.github.luben_zstd-jni-1.4.4-3.jar with timestamp 1619431783506
21/04/26 10:09:44 INFO Utils: Copying /opt/bitnami/spark/.ivy2/jars/com.github.luben_zstd-jni-1.4.4-3.jar to /tmp/spark-ce3c53ce-2b8a-4a64-beda-2fd529f92d66/userFiles-82793c4e-2f59-4df8-9044-a40bd35c1996/com.github.luben_zstd-jni-1.4.4-3.jar
21/04/26 10:09:44 INFO SparkContext: Added file file:///opt/bitnami/spark/.ivy2/jars/org.lz4_lz4-java-1.7.1.jar at file:///opt/bitnami/spark/.ivy2/jars/org.lz4_lz4-java-1.7.1.jar with timestamp 1619431783506
21/04/26 10:09:44 INFO Utils: Copying /opt/bitnami/spark/.ivy2/jars/org.lz4_lz4-java-1.7.1.jar to /tmp/spark-ce3c53ce-2b8a-4a64-beda-2fd529f92d66/userFiles-82793c4e-2f59-4df8-9044-a40bd35c1996/org.lz4_lz4-java-1.7.1.jar
21/04/26 10:09:44 INFO SparkContext: Added file file:///opt/bitnami/spark/.ivy2/jars/org.xerial.snappy_snappy-java-1.1.7.5.jar at file:///opt/bitnami/spark/.ivy2/jars/org.xerial.snappy_snappy-java-1.1.7.5.jar with timestamp 1619431783506
21/04/26 10:09:44 INFO Utils: Copying /opt/bitnami/spark/.ivy2/jars/org.xerial.snappy_snappy-java-1.1.7.5.jar to /tmp/spark-ce3c53ce-2b8a-4a64-beda-2fd529f92d66/userFiles-82793c4e-2f59-4df8-9044-a40bd35c1996/org.xerial.snappy_snappy-java-1.1.7.5.jar
21/04/26 10:09:44 INFO SparkContext: Added file file:///opt/bitnami/spark/.ivy2/jars/org.slf4j_slf4j-api-1.7.30.jar at file:///opt/bitnami/spark/.ivy2/jars/org.slf4j_slf4j-api-1.7.30.jar with timestamp 1619431783506
21/04/26 10:09:44 INFO Utils: Copying /opt/bitnami/spark/.ivy2/jars/org.slf4j_slf4j-api-1.7.30.jar to /tmp/spark-ce3c53ce-2b8a-4a64-beda-2fd529f92d66/userFiles-82793c4e-2f59-4df8-9044-a40bd35c1996/org.slf4j_slf4j-api-1.7.30.jar
21/04/26 10:09:44 INFO Executor: Starting executor ID driver on host 66a2e93b8e94
21/04/26 10:09:44 INFO Executor: Fetching file:///opt/bitnami/spark/.ivy2/jars/org.apache.spark_spark-token-provider-kafka-0-10_2.12-3.0.0.jar with timestamp 1619431783506
21/04/26 10:09:44 INFO Utils: /opt/bitnami/spark/.ivy2/jars/org.apache.spark_spark-token-provider-kafka-0-10_2.12-3.0.0.jar has been previously copied to /tmp/spark-ce3c53ce-2b8a-4a64-beda-2fd529f92d66/userFiles-82793c4e-2f59-4df8-9044-a40bd35c1996/org.apache.spark_spark-token-provider-kafka-0-10_2.12-3.0.0.jar
21/04/26 10:09:44 INFO Executor: Fetching file:///opt/bitnami/spark/.ivy2/jars/com.github.luben_zstd-jni-1.4.4-3.jar with timestamp 1619431783506
21/04/26 10:09:44 INFO Utils: /opt/bitnami/spark/.ivy2/jars/com.github.luben_zstd-jni-1.4.4-3.jar has been previously copied to /tmp/spark-ce3c53ce-2b8a-4a64-beda-2fd529f92d66/userFiles-82793c4e-2f59-4df8-9044-a40bd35c1996/com.github.luben_zstd-jni-1.4.4-3.jar
21/04/26 10:09:44 INFO Executor: Fetching file:///opt/bitnami/spark/.ivy2/jars/org.xerial.snappy_snappy-java-1.1.7.5.jar with timestamp 1619431783506
21/04/26 10:09:44 INFO Utils: /opt/bitnami/spark/.ivy2/jars/org.xerial.snappy_snappy-java-1.1.7.5.jar has been previously copied to /tmp/spark-ce3c53ce-2b8a-4a64-beda-2fd529f92d66/userFiles-82793c4e-2f59-4df8-9044-a40bd35c1996/org.xerial.snappy_snappy-java-1.1.7.5.jar
21/04/26 10:09:44 INFO Executor: Fetching file:///opt/bitnami/spark/.ivy2/jars/org.apache.kafka_kafka-clients-2.4.1.jar with timestamp 1619431783506
21/04/26 10:09:44 INFO Utils: /opt/bitnami/spark/.ivy2/jars/org.apache.kafka_kafka-clients-2.4.1.jar has been previously copied to /tmp/spark-ce3c53ce-2b8a-4a64-beda-2fd529f92d66/userFiles-82793c4e-2f59-4df8-9044-a40bd35c1996/org.apache.kafka_kafka-clients-2.4.1.jar
21/04/26 10:09:44 INFO Executor: Fetching file:///opt/bitnami/spark/.ivy2/jars/org.apache.spark_spark-sql-kafka-0-10_2.12-3.0.0.jar with timestamp 1619431783506
21/04/26 10:09:44 INFO Utils: /opt/bitnami/spark/.ivy2/jars/org.apache.spark_spark-sql-kafka-0-10_2.12-3.0.0.jar has been previously copied to /tmp/spark-ce3c53ce-2b8a-4a64-beda-2fd529f92d66/userFiles-82793c4e-2f59-4df8-9044-a40bd35c1996/org.apache.spark_spark-sql-kafka-0-10_2.12-3.0.0.jar
21/04/26 10:09:44 INFO Executor: Fetching file:///opt/bitnami/spark/.ivy2/jars/org.apache.commons_commons-pool2-2.6.2.jar with timestamp 1619431783506
21/04/26 10:09:44 INFO Utils: /opt/bitnami/spark/.ivy2/jars/org.apache.commons_commons-pool2-2.6.2.jar has been previously copied to /tmp/spark-ce3c53ce-2b8a-4a64-beda-2fd529f92d66/userFiles-82793c4e-2f59-4df8-9044-a40bd35c1996/org.apache.commons_commons-pool2-2.6.2.jar
21/04/26 10:09:44 INFO Executor: Fetching file:///opt/bitnami/spark/.ivy2/jars/org.spark-project.spark_unused-1.0.0.jar with timestamp 1619431783506
21/04/26 10:09:44 INFO Utils: /opt/bitnami/spark/.ivy2/jars/org.spark-project.spark_unused-1.0.0.jar has been previously copied to /tmp/spark-ce3c53ce-2b8a-4a64-beda-2fd529f92d66/userFiles-82793c4e-2f59-4df8-9044-a40bd35c1996/org.spark-project.spark_unused-1.0.0.jar
21/04/26 10:09:44 INFO Executor: Fetching file:///opt/bitnami/spark/.ivy2/jars/org.lz4_lz4-java-1.7.1.jar with timestamp 1619431783506
21/04/26 10:09:44 INFO Utils: /opt/bitnami/spark/.ivy2/jars/org.lz4_lz4-java-1.7.1.jar has been previously copied to /tmp/spark-ce3c53ce-2b8a-4a64-beda-2fd529f92d66/userFiles-82793c4e-2f59-4df8-9044-a40bd35c1996/org.lz4_lz4-java-1.7.1.jar
21/04/26 10:09:44 INFO Executor: Fetching file:///opt/bitnami/spark/.ivy2/jars/org.slf4j_slf4j-api-1.7.30.jar with timestamp 1619431783506
21/04/26 10:09:44 INFO Utils: /opt/bitnami/spark/.ivy2/jars/org.slf4j_slf4j-api-1.7.30.jar has been previously copied to /tmp/spark-ce3c53ce-2b8a-4a64-beda-2fd529f92d66/userFiles-82793c4e-2f59-4df8-9044-a40bd35c1996/org.slf4j_slf4j-api-1.7.30.jar
21/04/26 10:09:44 INFO Executor: Fetching spark://66a2e93b8e94:37965/jars/org.lz4_lz4-java-1.7.1.jar with timestamp 1619431783506
21/04/26 10:09:44 INFO TransportClientFactory: Successfully created connection to 66a2e93b8e94/172.22.0.5:37965 after 19 ms (0 ms spent in bootstraps)
21/04/26 10:09:44 INFO Utils: Fetching spark://66a2e93b8e94:37965/jars/org.lz4_lz4-java-1.7.1.jar to /tmp/spark-ce3c53ce-2b8a-4a64-beda-2fd529f92d66/userFiles-82793c4e-2f59-4df8-9044-a40bd35c1996/fetchFileTemp4200663631989604625.tmp
21/04/26 10:09:44 INFO Utils: /tmp/spark-ce3c53ce-2b8a-4a64-beda-2fd529f92d66/userFiles-82793c4e-2f59-4df8-9044-a40bd35c1996/fetchFileTemp4200663631989604625.tmp has been previously copied to /tmp/spark-ce3c53ce-2b8a-4a64-beda-2fd529f92d66/userFiles-82793c4e-2f59-4df8-9044-a40bd35c1996/org.lz4_lz4-java-1.7.1.jar
21/04/26 10:09:44 INFO Executor: Adding file:/tmp/spark-ce3c53ce-2b8a-4a64-beda-2fd529f92d66/userFiles-82793c4e-2f59-4df8-9044-a40bd35c1996/org.lz4_lz4-java-1.7.1.jar to class loader
21/04/26 10:09:44 INFO Executor: Fetching spark://66a2e93b8e94:37965/jars/org.apache.kafka_kafka-clients-2.4.1.jar with timestamp 1619431783506
21/04/26 10:09:44 INFO Utils: Fetching spark://66a2e93b8e94:37965/jars/org.apache.kafka_kafka-clients-2.4.1.jar to /tmp/spark-ce3c53ce-2b8a-4a64-beda-2fd529f92d66/userFiles-82793c4e-2f59-4df8-9044-a40bd35c1996/fetchFileTemp3270823564497662593.tmp
21/04/26 10:09:44 INFO Utils: /tmp/spark-ce3c53ce-2b8a-4a64-beda-2fd529f92d66/userFiles-82793c4e-2f59-4df8-9044-a40bd35c1996/fetchFileTemp3270823564497662593.tmp has been previously copied to /tmp/spark-ce3c53ce-2b8a-4a64-beda-2fd529f92d66/userFiles-82793c4e-2f59-4df8-9044-a40bd35c1996/org.apache.kafka_kafka-clients-2.4.1.jar
21/04/26 10:09:44 INFO Executor: Adding file:/tmp/spark-ce3c53ce-2b8a-4a64-beda-2fd529f92d66/userFiles-82793c4e-2f59-4df8-9044-a40bd35c1996/org.apache.kafka_kafka-clients-2.4.1.jar to class loader
21/04/26 10:09:44 INFO Executor: Fetching spark://66a2e93b8e94:37965/jars/org.apache.spark_spark-token-provider-kafka-0-10_2.12-3.0.0.jar with timestamp 1619431783506
21/04/26 10:09:44 INFO Utils: Fetching spark://66a2e93b8e94:37965/jars/org.apache.spark_spark-token-provider-kafka-0-10_2.12-3.0.0.jar to /tmp/spark-ce3c53ce-2b8a-4a64-beda-2fd529f92d66/userFiles-82793c4e-2f59-4df8-9044-a40bd35c1996/fetchFileTemp8751281230165369060.tmp
21/04/26 10:09:44 INFO Utils: /tmp/spark-ce3c53ce-2b8a-4a64-beda-2fd529f92d66/userFiles-82793c4e-2f59-4df8-9044-a40bd35c1996/fetchFileTemp8751281230165369060.tmp has been previously copied to /tmp/spark-ce3c53ce-2b8a-4a64-beda-2fd529f92d66/userFiles-82793c4e-2f59-4df8-9044-a40bd35c1996/org.apache.spark_spark-token-provider-kafka-0-10_2.12-3.0.0.jar
21/04/26 10:09:44 INFO Executor: Adding file:/tmp/spark-ce3c53ce-2b8a-4a64-beda-2fd529f92d66/userFiles-82793c4e-2f59-4df8-9044-a40bd35c1996/org.apache.spark_spark-token-provider-kafka-0-10_2.12-3.0.0.jar to class loader
21/04/26 10:09:44 INFO Executor: Fetching spark://66a2e93b8e94:37965/jars/org.spark-project.spark_unused-1.0.0.jar with timestamp 1619431783506
21/04/26 10:09:44 INFO Utils: Fetching spark://66a2e93b8e94:37965/jars/org.spark-project.spark_unused-1.0.0.jar to /tmp/spark-ce3c53ce-2b8a-4a64-beda-2fd529f92d66/userFiles-82793c4e-2f59-4df8-9044-a40bd35c1996/fetchFileTemp1895392643182143402.tmp
21/04/26 10:09:44 INFO Utils: /tmp/spark-ce3c53ce-2b8a-4a64-beda-2fd529f92d66/userFiles-82793c4e-2f59-4df8-9044-a40bd35c1996/fetchFileTemp1895392643182143402.tmp has been previously copied to /tmp/spark-ce3c53ce-2b8a-4a64-beda-2fd529f92d66/userFiles-82793c4e-2f59-4df8-9044-a40bd35c1996/org.spark-project.spark_unused-1.0.0.jar
21/04/26 10:09:44 INFO Executor: Adding file:/tmp/spark-ce3c53ce-2b8a-4a64-beda-2fd529f92d66/userFiles-82793c4e-2f59-4df8-9044-a40bd35c1996/org.spark-project.spark_unused-1.0.0.jar to class loader
21/04/26 10:09:44 INFO Executor: Fetching spark://66a2e93b8e94:37965/jars/org.slf4j_slf4j-api-1.7.30.jar with timestamp 1619431783506
21/04/26 10:09:44 INFO Utils: Fetching spark://66a2e93b8e94:37965/jars/org.slf4j_slf4j-api-1.7.30.jar to /tmp/spark-ce3c53ce-2b8a-4a64-beda-2fd529f92d66/userFiles-82793c4e-2f59-4df8-9044-a40bd35c1996/fetchFileTemp2150620445038171488.tmp
21/04/26 10:09:44 INFO Utils: /tmp/spark-ce3c53ce-2b8a-4a64-beda-2fd529f92d66/userFiles-82793c4e-2f59-4df8-9044-a40bd35c1996/fetchFileTemp2150620445038171488.tmp has been previously copied to /tmp/spark-ce3c53ce-2b8a-4a64-beda-2fd529f92d66/userFiles-82793c4e-2f59-4df8-9044-a40bd35c1996/org.slf4j_slf4j-api-1.7.30.jar
21/04/26 10:09:44 INFO Executor: Adding file:/tmp/spark-ce3c53ce-2b8a-4a64-beda-2fd529f92d66/userFiles-82793c4e-2f59-4df8-9044-a40bd35c1996/org.slf4j_slf4j-api-1.7.30.jar to class loader
21/04/26 10:09:44 INFO Executor: Fetching spark://66a2e93b8e94:37965/jars/com.github.luben_zstd-jni-1.4.4-3.jar with timestamp 1619431783506
21/04/26 10:09:44 INFO Utils: Fetching spark://66a2e93b8e94:37965/jars/com.github.luben_zstd-jni-1.4.4-3.jar to /tmp/spark-ce3c53ce-2b8a-4a64-beda-2fd529f92d66/userFiles-82793c4e-2f59-4df8-9044-a40bd35c1996/fetchFileTemp8064639831500623654.tmp
21/04/26 10:09:45 INFO Utils: /tmp/spark-ce3c53ce-2b8a-4a64-beda-2fd529f92d66/userFiles-82793c4e-2f59-4df8-9044-a40bd35c1996/fetchFileTemp8064639831500623654.tmp has been previously copied to /tmp/spark-ce3c53ce-2b8a-4a64-beda-2fd529f92d66/userFiles-82793c4e-2f59-4df8-9044-a40bd35c1996/com.github.luben_zstd-jni-1.4.4-3.jar
21/04/26 10:09:45 INFO Executor: Adding file:/tmp/spark-ce3c53ce-2b8a-4a64-beda-2fd529f92d66/userFiles-82793c4e-2f59-4df8-9044-a40bd35c1996/com.github.luben_zstd-jni-1.4.4-3.jar to class loader
21/04/26 10:09:45 INFO Executor: Fetching spark://66a2e93b8e94:37965/jars/org.apache.spark_spark-sql-kafka-0-10_2.12-3.0.0.jar with timestamp 1619431783506
21/04/26 10:09:45 INFO Utils: Fetching spark://66a2e93b8e94:37965/jars/org.apache.spark_spark-sql-kafka-0-10_2.12-3.0.0.jar to /tmp/spark-ce3c53ce-2b8a-4a64-beda-2fd529f92d66/userFiles-82793c4e-2f59-4df8-9044-a40bd35c1996/fetchFileTemp8281363090444133324.tmp
21/04/26 10:09:45 INFO Utils: /tmp/spark-ce3c53ce-2b8a-4a64-beda-2fd529f92d66/userFiles-82793c4e-2f59-4df8-9044-a40bd35c1996/fetchFileTemp8281363090444133324.tmp has been previously copied to /tmp/spark-ce3c53ce-2b8a-4a64-beda-2fd529f92d66/userFiles-82793c4e-2f59-4df8-9044-a40bd35c1996/org.apache.spark_spark-sql-kafka-0-10_2.12-3.0.0.jar
21/04/26 10:09:45 INFO Executor: Adding file:/tmp/spark-ce3c53ce-2b8a-4a64-beda-2fd529f92d66/userFiles-82793c4e-2f59-4df8-9044-a40bd35c1996/org.apache.spark_spark-sql-kafka-0-10_2.12-3.0.0.jar to class loader
21/04/26 10:09:45 INFO Executor: Fetching spark://66a2e93b8e94:37965/jars/org.xerial.snappy_snappy-java-1.1.7.5.jar with timestamp 1619431783506
21/04/26 10:09:45 INFO Utils: Fetching spark://66a2e93b8e94:37965/jars/org.xerial.snappy_snappy-java-1.1.7.5.jar to /tmp/spark-ce3c53ce-2b8a-4a64-beda-2fd529f92d66/userFiles-82793c4e-2f59-4df8-9044-a40bd35c1996/fetchFileTemp2096260452477033004.tmp
21/04/26 10:09:45 INFO Utils: /tmp/spark-ce3c53ce-2b8a-4a64-beda-2fd529f92d66/userFiles-82793c4e-2f59-4df8-9044-a40bd35c1996/fetchFileTemp2096260452477033004.tmp has been previously copied to /tmp/spark-ce3c53ce-2b8a-4a64-beda-2fd529f92d66/userFiles-82793c4e-2f59-4df8-9044-a40bd35c1996/org.xerial.snappy_snappy-java-1.1.7.5.jar
21/04/26 10:09:45 INFO Executor: Adding file:/tmp/spark-ce3c53ce-2b8a-4a64-beda-2fd529f92d66/userFiles-82793c4e-2f59-4df8-9044-a40bd35c1996/org.xerial.snappy_snappy-java-1.1.7.5.jar to class loader
21/04/26 10:09:45 INFO Executor: Fetching spark://66a2e93b8e94:37965/jars/org.apache.commons_commons-pool2-2.6.2.jar with timestamp 1619431783506
21/04/26 10:09:45 INFO Utils: Fetching spark://66a2e93b8e94:37965/jars/org.apache.commons_commons-pool2-2.6.2.jar to /tmp/spark-ce3c53ce-2b8a-4a64-beda-2fd529f92d66/userFiles-82793c4e-2f59-4df8-9044-a40bd35c1996/fetchFileTemp5719194094402574543.tmp
21/04/26 10:09:45 INFO Utils: /tmp/spark-ce3c53ce-2b8a-4a64-beda-2fd529f92d66/userFiles-82793c4e-2f59-4df8-9044-a40bd35c1996/fetchFileTemp5719194094402574543.tmp has been previously copied to /tmp/spark-ce3c53ce-2b8a-4a64-beda-2fd529f92d66/userFiles-82793c4e-2f59-4df8-9044-a40bd35c1996/org.apache.commons_commons-pool2-2.6.2.jar
21/04/26 10:09:45 INFO Executor: Adding file:/tmp/spark-ce3c53ce-2b8a-4a64-beda-2fd529f92d66/userFiles-82793c4e-2f59-4df8-9044-a40bd35c1996/org.apache.commons_commons-pool2-2.6.2.jar to class loader
21/04/26 10:09:45 INFO Utils: Successfully started service 'org.apache.spark.network.netty.NettyBlockTransferService' on port 43437.
21/04/26 10:09:45 INFO NettyBlockTransferService: Server created on 66a2e93b8e94:43437
21/04/26 10:09:45 INFO BlockManager: Using org.apache.spark.storage.RandomBlockReplicationPolicy for block replication policy
21/04/26 10:09:45 INFO BlockManagerMaster: Registering BlockManager BlockManagerId(driver, 66a2e93b8e94, 43437, None)
21/04/26 10:09:45 INFO BlockManagerMasterEndpoint: Registering block manager 66a2e93b8e94:43437 with 366.3 MiB RAM, BlockManagerId(driver, 66a2e93b8e94, 43437, None)
21/04/26 10:09:45 INFO BlockManagerMaster: Registered BlockManager BlockManagerId(driver, 66a2e93b8e94, 43437, None)
21/04/26 10:09:45 INFO BlockManager: Initialized BlockManager: BlockManagerId(driver, 66a2e93b8e94, 43437, None)
21/04/26 10:09:45 INFO SharedState: Setting hive.metastore.warehouse.dir ('null') to the value of spark.sql.warehouse.dir ('file:/opt/bitnami/spark/spark-warehouse').
21/04/26 10:09:45 INFO SharedState: Warehouse path is 'file:/opt/bitnami/spark/spark-warehouse'.
21/04/26 10:09:47 WARN StreamingQueryManager: Temporary checkpoint location created which is deleted normally when the query didn't fail: /tmp/temporary-0b3f6afc-fb97-40cf-aab0-ad6726bc4869. If it's required to delete it under any circumstances, please set spark.sql.streaming.forceDeleteTempCheckpointLocation to true. Important to know deleting temp checkpoint folder is best effort.
-------------------------------------------
Batch: 0
-------------------------------------------
+--------------------+---------+
|               email|birthYear|
+--------------------+---------+
|Dan.Jefferson@tes...|     1965|
|  Eric.Huey@test.com|     1964|
|Senthil.Spencer@t...|     1963|
|Bobby.Phillips@te...|     1962|
|Angie.Fibonnaci@t...|     1961|
|Trevor.Habschied@...|     1960|
|   Bobby.Wu@test.com|     1959|
| Eric.Clark@test.com|     1958|
|Ashley.Jefferson@...|     1957|
|Neeraj.Sanchez@te...|     1956|
|Jane.Anderson@tes...|     1955|
|Trevor.Sanchez@te...|     1954|
|Edward.Spencer@te...|     1953|
|Ashley.Anandh@tes...|     1952|
|Craig.Habschied@t...|     1951|
|Jane.Sanchez@test...|     1950|
|  Lyn.Mitra@test.com|     1949|
| Craig.Huey@test.com|     1948|
|Jacob.Habschied@t...|     1947|
|Sarah.Khatib@test...|     1946|
+--------------------+---------+
only showing top 20 rows

-------------------------------------------
Batch: 1
-------------------------------------------
+-----+---------+
|email|birthYear|
+-----+---------+
+-----+---------+

-------------------------------------------
Batch: 2
-------------------------------------------
+-----+---------+
|email|birthYear|
+-----+---------+
+-----+---------+

-------------------------------------------
Batch: 3
-------------------------------------------
+-----+---------+
|email|birthYear|
+-----+---------+
+-----+---------+

-------------------------------------------
Batch: 4
-------------------------------------------
+-----+---------+
|email|birthYear|
+-----+---------+
+-----+---------+

-------------------------------------------
Batch: 5
-------------------------------------------
+-----+---------+
|email|birthYear|
+-----+---------+
+-----+---------+

-------------------------------------------
Batch: 6
-------------------------------------------
+-----+---------+
|email|birthYear|
+-----+---------+
+-----+---------+

-------------------------------------------
Batch: 7
-------------------------------------------
+-----+---------+
|email|birthYear|
+-----+---------+
+-----+---------+

-------------------------------------------
Batch: 8
-------------------------------------------
+-----+---------+
|email|birthYear|
+-----+---------+
+-----+---------+

-------------------------------------------
Batch: 9
-------------------------------------------
+-----+---------+
|email|birthYear|
+-----+---------+
+-----+---------+

-------------------------------------------
Batch: 10
-------------------------------------------
+-----+---------+
|email|birthYear|
+-----+---------+
+-----+---------+

-------------------------------------------
Batch: 11
-------------------------------------------
+-----+---------+
|email|birthYear|
+-----+---------+
+-----+---------+

-------------------------------------------
Batch: 12
-------------------------------------------
+-----+---------+
|email|birthYear|
+-----+---------+
+-----+---------+

-------------------------------------------
Batch: 13
-------------------------------------------
+-----+---------+
|email|birthYear|
+-----+---------+
+-----+---------+

-------------------------------------------
Batch: 14
-------------------------------------------
+-----+---------+
|email|birthYear|
+-----+---------+
+-----+---------+

-------------------------------------------
Batch: 15
-------------------------------------------
+-----+---------+
|email|birthYear|
+-----+---------+
+-----+---------+

-------------------------------------------
Batch: 16
-------------------------------------------
+-----+---------+
|email|birthYear|
+-----+---------+
+-----+---------+

-------------------------------------------
Batch: 17
-------------------------------------------
+-----+---------+
|email|birthYear|
+-----+---------+
+-----+---------+

-------------------------------------------
Batch: 18
-------------------------------------------
+-----+---------+
|email|birthYear|
+-----+---------+
+-----+---------+

-------------------------------------------
Batch: 19
-------------------------------------------
+-----+---------+
|email|birthYear|
+-----+---------+
+-----+---------+

-------------------------------------------
Batch: 20
-------------------------------------------
+-----+---------+
|email|birthYear|
+-----+---------+
+-----+---------+

-------------------------------------------
Batch: 21
-------------------------------------------
+-----+---------+
|email|birthYear|
+-----+---------+
+-----+---------+

-------------------------------------------
Batch: 22
-------------------------------------------
+-----+---------+
|email|birthYear|
+-----+---------+
+-----+---------+

-------------------------------------------
Batch: 23
-------------------------------------------
+-----+---------+
|email|birthYear|
+-----+---------+
+-----+---------+

-------------------------------------------
Batch: 24
-------------------------------------------
+-----+---------+
|email|birthYear|
+-----+---------+
+-----+---------+

-------------------------------------------
Batch: 25
-------------------------------------------
+-----+---------+
|email|birthYear|
+-----+---------+
+-----+---------+

^CTraceback (most recent call last):
  File "/home/workspace/sparkpyrediskafkastreamtoconsole.py", line 111, in <module>
    emailAndBirthYearStreamingDF.writeStream.outputMode("append").format("console").start().awaitTermination()
  File "/opt/bitnami/spark/python/lib/pyspark.zip/pyspark/sql/streaming.py", line 101, in awaitTermination
  File "/opt/bitnami/spark/python/lib/py4j-0.10.9-src.zip/py4j/java_gateway.py", line 1303, in __call__
  File "/opt/bitnami/spark/python/lib/py4j-0.10.9-src.zip/py4j/java_gateway.py", line 1033, in send_command
  File "/opt/bitnami/spark/python/lib/py4j-0.10.9-src.zip/py4j/java_gateway.py", line 1200, in send_command
  File "/opt/bitnami/python/lib/python3.6/socket.py", line 586, in readinto
    return self._sock.recv_into(b)
  File "/opt/bitnami/spark/python/lib/pyspark.zip/pyspark/context.py", line 285, in signal_handler
KeyboardInterrupt
